0 info it worked if it ends with ok
1 verbose cli [ '/usr/bin/node', '/usr/bin/npm', 'install', 'express', '--save' ]
2 info using npm@3.10.10
3 info using node@v6.14.3
4 silly loadCurrentTree Starting
5 silly install loadCurrentTree
6 silly install readLocalPackageData
7 silly fetchPackageMetaData express
8 silly fetchNamedPackageData express
9 silly mapToRegistry name express
10 silly mapToRegistry using default registry
11 silly mapToRegistry registry https://registry.npmjs.org/
12 silly mapToRegistry data Result {
12 silly mapToRegistry   raw: 'express',
12 silly mapToRegistry   scope: null,
12 silly mapToRegistry   escapedName: 'express',
12 silly mapToRegistry   name: 'express',
12 silly mapToRegistry   rawSpec: '',
12 silly mapToRegistry   spec: 'latest',
12 silly mapToRegistry   type: 'tag' }
13 silly mapToRegistry uri https://registry.npmjs.org/express
14 verbose request uri https://registry.npmjs.org/express
15 verbose request no auth needed
16 info attempt registry request try #1 at 12:08:45 PM
17 verbose request id 5326d9c2e9bce4b3
18 verbose etag W/"e6503c8c1e99ebf156ea4c24d986347e"
19 verbose lastModified Sun, 27 May 2018 00:12:56 GMT
20 http request GET https://registry.npmjs.org/express
21 http 304 https://registry.npmjs.org/express
22 verbose headers { date: 'Sun, 24 Jun 2018 15:08:45 GMT',
22 verbose headers   connection: 'keep-alive',
22 verbose headers   'set-cookie': [ '__cfduid=d0fda264dc1ec1a9869a79e45205135cf1529852925; expires=Mon, 24-Jun-19 15:08:45 GMT; path=/; domain=.registry.npmjs.org; HttpOnly' ],
22 verbose headers   'cache-control': 'max-age=300',
22 verbose headers   'cf-cache-status': 'HIT',
22 verbose headers   'cf-ray': '43001c91cc538138-GRU',
22 verbose headers   etag: '"e6503c8c1e99ebf156ea4c24d986347e"',
22 verbose headers   'expect-ct': 'max-age=604800, report-uri="https://report-uri.cloudflare.com/cdn-cgi/beacon/expect-ct"',
22 verbose headers   'last-modified': 'Sun, 27 May 2018 00:12:56 GMT',
22 verbose headers   vary: 'accept-encoding, accept',
22 verbose headers   server: 'cloudflare' }
23 silly get cb [ 304,
23 silly get   { date: 'Sun, 24 Jun 2018 15:08:45 GMT',
23 silly get     connection: 'keep-alive',
23 silly get     'set-cookie': [ '__cfduid=d0fda264dc1ec1a9869a79e45205135cf1529852925; expires=Mon, 24-Jun-19 15:08:45 GMT; path=/; domain=.registry.npmjs.org; HttpOnly' ],
23 silly get     'cache-control': 'max-age=300',
23 silly get     'cf-cache-status': 'HIT',
23 silly get     'cf-ray': '43001c91cc538138-GRU',
23 silly get     etag: '"e6503c8c1e99ebf156ea4c24d986347e"',
23 silly get     'expect-ct': 'max-age=604800, report-uri="https://report-uri.cloudflare.com/cdn-cgi/beacon/expect-ct"',
23 silly get     'last-modified': 'Sun, 27 May 2018 00:12:56 GMT',
23 silly get     vary: 'accept-encoding, accept',
23 silly get     server: 'cloudflare' } ]
24 verbose etag https://registry.npmjs.org/express from cache
25 verbose get saving express to /home/vagrant/.npm/registry.npmjs.org/express/.cache.json
26 verbose correctMkdir /home/vagrant/.npm correctMkdir not in flight; initializing
27 silly install normalizeTree
28 silly loadCurrentTree Finishing
29 silly loadIdealTree Starting
30 silly install loadIdealTree
31 silly cloneCurrentTree Starting
32 silly install cloneCurrentTreeToIdealTree
33 silly cloneCurrentTree Finishing
34 silly loadShrinkwrap Starting
35 silly install loadShrinkwrap
36 silly loadShrinkwrap Finishing
37 silly loadAllDepsIntoIdealTree Starting
38 silly install loadAllDepsIntoIdealTree
39 silly resolveWithNewModule express@4.16.3 checking installable status
40 silly cache add args [ 'express', null ]
41 verbose cache add spec express
42 silly cache add parsed spec Result {
42 silly cache add   raw: 'express',
42 silly cache add   scope: null,
42 silly cache add   escapedName: 'express',
42 silly cache add   name: 'express',
42 silly cache add   rawSpec: '',
42 silly cache add   spec: 'latest',
42 silly cache add   type: 'tag' }
43 silly addNamed express@latest
44 verbose addNamed "latest" is being treated as a dist-tag for express
45 info addNameTag [ 'express', 'latest' ]
46 silly mapToRegistry name express
47 silly mapToRegistry using default registry
48 silly mapToRegistry registry https://registry.npmjs.org/
49 silly mapToRegistry data Result {
49 silly mapToRegistry   raw: 'express',
49 silly mapToRegistry   scope: null,
49 silly mapToRegistry   escapedName: 'express',
49 silly mapToRegistry   name: 'express',
49 silly mapToRegistry   rawSpec: '',
49 silly mapToRegistry   spec: 'latest',
49 silly mapToRegistry   type: 'tag' }
50 silly mapToRegistry uri https://registry.npmjs.org/express
51 verbose addNameTag registry:https://registry.npmjs.org/express not in flight; fetching
52 verbose get https://registry.npmjs.org/express not expired, no request
53 silly addNameTag next cb for express with tag latest
54 silly addNamed express@4.16.3
55 verbose addNamed "4.16.3" is a plain semver version for express
56 silly cache afterAdd express@4.16.3
57 verbose afterAdd /home/vagrant/.npm/express/4.16.3/package/package.json not in flight; writing
58 verbose correctMkdir /home/vagrant/.npm correctMkdir not in flight; initializing
59 verbose afterAdd /home/vagrant/.npm/express/4.16.3/package/package.json written
60 silly fetchNamedPackageData body-parser
61 silly mapToRegistry name body-parser
62 silly mapToRegistry using default registry
63 silly mapToRegistry registry https://registry.npmjs.org/
64 silly mapToRegistry data Result {
64 silly mapToRegistry   raw: 'body-parser',
64 silly mapToRegistry   scope: null,
64 silly mapToRegistry   escapedName: 'body-parser',
64 silly mapToRegistry   name: 'body-parser',
64 silly mapToRegistry   rawSpec: '',
64 silly mapToRegistry   spec: 'latest',
64 silly mapToRegistry   type: 'tag' }
65 silly mapToRegistry uri https://registry.npmjs.org/body-parser
66 silly fetchNamedPackageData qs
67 silly mapToRegistry name qs
68 silly mapToRegistry using default registry
69 silly mapToRegistry registry https://registry.npmjs.org/
70 silly mapToRegistry data Result {
70 silly mapToRegistry   raw: 'qs',
70 silly mapToRegistry   scope: null,
70 silly mapToRegistry   escapedName: 'qs',
70 silly mapToRegistry   name: 'qs',
70 silly mapToRegistry   rawSpec: '',
70 silly mapToRegistry   spec: 'latest',
70 silly mapToRegistry   type: 'tag' }
71 silly mapToRegistry uri https://registry.npmjs.org/qs
72 silly fetchNamedPackageData send
73 silly mapToRegistry name send
74 silly mapToRegistry using default registry
75 silly mapToRegistry registry https://registry.npmjs.org/
76 silly mapToRegistry data Result {
76 silly mapToRegistry   raw: 'send',
76 silly mapToRegistry   scope: null,
76 silly mapToRegistry   escapedName: 'send',
76 silly mapToRegistry   name: 'send',
76 silly mapToRegistry   rawSpec: '',
76 silly mapToRegistry   spec: 'latest',
76 silly mapToRegistry   type: 'tag' }
77 silly mapToRegistry uri https://registry.npmjs.org/send
78 silly fetchNamedPackageData serve-static
79 silly mapToRegistry name serve-static
80 silly mapToRegistry using default registry
81 silly mapToRegistry registry https://registry.npmjs.org/
82 silly mapToRegistry data Result {
82 silly mapToRegistry   raw: 'serve-static',
82 silly mapToRegistry   scope: null,
82 silly mapToRegistry   escapedName: 'serve-static',
82 silly mapToRegistry   name: 'serve-static',
82 silly mapToRegistry   rawSpec: '',
82 silly mapToRegistry   spec: 'latest',
82 silly mapToRegistry   type: 'tag' }
83 silly mapToRegistry uri https://registry.npmjs.org/serve-static
84 verbose request uri https://registry.npmjs.org/body-parser
85 verbose request no auth needed
86 info attempt registry request try #1 at 12:08:45 PM
87 verbose etag W/"0c30737fdb784def06c8d90e97cde7e0"
88 verbose lastModified Sat, 26 May 2018 18:42:21 GMT
89 http request GET https://registry.npmjs.org/body-parser
90 verbose request uri https://registry.npmjs.org/qs
91 verbose request no auth needed
92 info attempt registry request try #1 at 12:08:46 PM
93 verbose etag W/"610d26e0d1c6be77ae201c595b620e6b"
94 verbose lastModified Sun, 27 May 2018 13:21:49 GMT
95 http request GET https://registry.npmjs.org/qs
96 verbose request uri https://registry.npmjs.org/send
97 verbose request no auth needed
98 info attempt registry request try #1 at 12:08:46 PM
99 verbose etag W/"1ad685c40371ecdf81bd1d0fcdec39fd"
100 verbose lastModified Sun, 27 May 2018 16:58:00 GMT
101 http request GET https://registry.npmjs.org/send
102 verbose request uri https://registry.npmjs.org/serve-static
103 verbose request no auth needed
104 info attempt registry request try #1 at 12:08:46 PM
105 verbose etag W/"e96efc6af71bdc5570b96d6ffeab8635"
106 verbose lastModified Sun, 27 May 2018 17:01:40 GMT
107 http request GET https://registry.npmjs.org/serve-static
108 http 304 https://registry.npmjs.org/body-parser
109 verbose headers { date: 'Sun, 24 Jun 2018 15:08:45 GMT',
109 verbose headers   connection: 'keep-alive',
109 verbose headers   'set-cookie': [ '__cfduid=d0fda264dc1ec1a9869a79e45205135cf1529852925; expires=Mon, 24-Jun-19 15:08:45 GMT; path=/; domain=.registry.npmjs.org; HttpOnly' ],
109 verbose headers   'cache-control': 'max-age=300',
109 verbose headers   'cf-cache-status': 'HIT',
109 verbose headers   'cf-ray': '43001c935d628138-GRU',
109 verbose headers   etag: '"0c30737fdb784def06c8d90e97cde7e0"',
109 verbose headers   'expect-ct': 'max-age=604800, report-uri="https://report-uri.cloudflare.com/cdn-cgi/beacon/expect-ct"',
109 verbose headers   'last-modified': 'Sat, 26 May 2018 18:42:21 GMT',
109 verbose headers   vary: 'accept-encoding, accept',
109 verbose headers   server: 'cloudflare' }
110 silly get cb [ 304,
110 silly get   { date: 'Sun, 24 Jun 2018 15:08:45 GMT',
110 silly get     connection: 'keep-alive',
110 silly get     'set-cookie': [ '__cfduid=d0fda264dc1ec1a9869a79e45205135cf1529852925; expires=Mon, 24-Jun-19 15:08:45 GMT; path=/; domain=.registry.npmjs.org; HttpOnly' ],
110 silly get     'cache-control': 'max-age=300',
110 silly get     'cf-cache-status': 'HIT',
110 silly get     'cf-ray': '43001c935d628138-GRU',
110 silly get     etag: '"0c30737fdb784def06c8d90e97cde7e0"',
110 silly get     'expect-ct': 'max-age=604800, report-uri="https://report-uri.cloudflare.com/cdn-cgi/beacon/expect-ct"',
110 silly get     'last-modified': 'Sat, 26 May 2018 18:42:21 GMT',
110 silly get     vary: 'accept-encoding, accept',
110 silly get     server: 'cloudflare' } ]
111 verbose etag https://registry.npmjs.org/body-parser from cache
112 verbose get saving body-parser to /home/vagrant/.npm/registry.npmjs.org/body-parser/.cache.json
113 verbose correctMkdir /home/vagrant/.npm correctMkdir not in flight; initializing
114 silly resolveWithNewModule body-parser@1.18.2 checking installable status
115 silly cache add args [ 'body-parser@1.18.2', null ]
116 verbose cache add spec body-parser@1.18.2
117 silly cache add parsed spec Result {
117 silly cache add   raw: 'body-parser@1.18.2',
117 silly cache add   scope: null,
117 silly cache add   escapedName: 'body-parser',
117 silly cache add   name: 'body-parser',
117 silly cache add   rawSpec: '1.18.2',
117 silly cache add   spec: '1.18.2',
117 silly cache add   type: 'version' }
118 silly addNamed body-parser@1.18.2
119 verbose addNamed "1.18.2" is a plain semver version for body-parser
120 silly mapToRegistry name body-parser
121 silly mapToRegistry using default registry
122 silly mapToRegistry registry https://registry.npmjs.org/
123 silly mapToRegistry data Result {
123 silly mapToRegistry   raw: 'body-parser',
123 silly mapToRegistry   scope: null,
123 silly mapToRegistry   escapedName: 'body-parser',
123 silly mapToRegistry   name: 'body-parser',
123 silly mapToRegistry   rawSpec: '',
123 silly mapToRegistry   spec: 'latest',
123 silly mapToRegistry   type: 'tag' }
124 silly mapToRegistry uri https://registry.npmjs.org/body-parser
125 verbose addNameVersion registry:https://registry.npmjs.org/body-parser not in flight; fetching
126 verbose get https://registry.npmjs.org/body-parser not expired, no request
127 silly cache afterAdd body-parser@1.18.2
128 verbose afterAdd /home/vagrant/.npm/body-parser/1.18.2/package/package.json not in flight; writing
129 verbose correctMkdir /home/vagrant/.npm correctMkdir not in flight; initializing
130 verbose afterAdd /home/vagrant/.npm/body-parser/1.18.2/package/package.json written
131 http 304 https://registry.npmjs.org/qs
132 verbose headers { date: 'Sun, 24 Jun 2018 15:08:46 GMT',
132 verbose headers   connection: 'keep-alive',
132 verbose headers   'set-cookie': [ '__cfduid=d1da74e7afd0e59371f9253c44da68b441529852926; expires=Mon, 24-Jun-19 15:08:46 GMT; path=/; domain=.registry.npmjs.org; HttpOnly' ],
132 verbose headers   'cache-control': 'max-age=300',
132 verbose headers   'cf-cache-status': 'HIT',
132 verbose headers   'cf-ray': '43001c946e2d8138-GRU',
132 verbose headers   etag: '"610d26e0d1c6be77ae201c595b620e6b"',
132 verbose headers   'expect-ct': 'max-age=604800, report-uri="https://report-uri.cloudflare.com/cdn-cgi/beacon/expect-ct"',
132 verbose headers   'last-modified': 'Sun, 27 May 2018 13:21:49 GMT',
132 verbose headers   vary: 'accept-encoding, accept',
132 verbose headers   server: 'cloudflare' }
133 silly get cb [ 304,
133 silly get   { date: 'Sun, 24 Jun 2018 15:08:46 GMT',
133 silly get     connection: 'keep-alive',
133 silly get     'set-cookie': [ '__cfduid=d1da74e7afd0e59371f9253c44da68b441529852926; expires=Mon, 24-Jun-19 15:08:46 GMT; path=/; domain=.registry.npmjs.org; HttpOnly' ],
133 silly get     'cache-control': 'max-age=300',
133 silly get     'cf-cache-status': 'HIT',
133 silly get     'cf-ray': '43001c946e2d8138-GRU',
133 silly get     etag: '"610d26e0d1c6be77ae201c595b620e6b"',
133 silly get     'expect-ct': 'max-age=604800, report-uri="https://report-uri.cloudflare.com/cdn-cgi/beacon/expect-ct"',
133 silly get     'last-modified': 'Sun, 27 May 2018 13:21:49 GMT',
133 silly get     vary: 'accept-encoding, accept',
133 silly get     server: 'cloudflare' } ]
134 verbose etag https://registry.npmjs.org/qs from cache
135 verbose get saving qs to /home/vagrant/.npm/registry.npmjs.org/qs/.cache.json
136 verbose correctMkdir /home/vagrant/.npm correctMkdir not in flight; initializing
137 http 304 https://registry.npmjs.org/serve-static
138 verbose headers { date: 'Sun, 24 Jun 2018 15:08:46 GMT',
138 verbose headers   connection: 'keep-alive',
138 verbose headers   'set-cookie': [ '__cfduid=d67452fe3839d1e27de8f762887f70f7a1529852926; expires=Mon, 24-Jun-19 15:08:46 GMT; path=/; domain=.registry.npmjs.org; HttpOnly' ],
138 verbose headers   'cache-control': 'max-age=300',
138 verbose headers   'cf-cache-status': 'HIT',
138 verbose headers   'cf-ray': '43001c947fa04b9f-GRU',
138 verbose headers   etag: '"e96efc6af71bdc5570b96d6ffeab8635"',
138 verbose headers   'expect-ct': 'max-age=604800, report-uri="https://report-uri.cloudflare.com/cdn-cgi/beacon/expect-ct"',
138 verbose headers   'last-modified': 'Sun, 27 May 2018 17:01:40 GMT',
138 verbose headers   vary: 'accept-encoding, accept',
138 verbose headers   server: 'cloudflare' }
139 silly get cb [ 304,
139 silly get   { date: 'Sun, 24 Jun 2018 15:08:46 GMT',
139 silly get     connection: 'keep-alive',
139 silly get     'set-cookie': [ '__cfduid=d67452fe3839d1e27de8f762887f70f7a1529852926; expires=Mon, 24-Jun-19 15:08:46 GMT; path=/; domain=.registry.npmjs.org; HttpOnly' ],
139 silly get     'cache-control': 'max-age=300',
139 silly get     'cf-cache-status': 'HIT',
139 silly get     'cf-ray': '43001c947fa04b9f-GRU',
139 silly get     etag: '"e96efc6af71bdc5570b96d6ffeab8635"',
139 silly get     'expect-ct': 'max-age=604800, report-uri="https://report-uri.cloudflare.com/cdn-cgi/beacon/expect-ct"',
139 silly get     'last-modified': 'Sun, 27 May 2018 17:01:40 GMT',
139 silly get     vary: 'accept-encoding, accept',
139 silly get     server: 'cloudflare' } ]
140 verbose etag https://registry.npmjs.org/serve-static from cache
141 verbose get saving serve-static to /home/vagrant/.npm/registry.npmjs.org/serve-static/.cache.json
142 verbose correctMkdir /home/vagrant/.npm correctMkdir not in flight; initializing
143 silly resolveWithNewModule qs@6.5.1 checking installable status
144 silly cache add args [ 'qs@6.5.1', null ]
145 verbose cache add spec qs@6.5.1
146 silly cache add parsed spec Result {
146 silly cache add   raw: 'qs@6.5.1',
146 silly cache add   scope: null,
146 silly cache add   escapedName: 'qs',
146 silly cache add   name: 'qs',
146 silly cache add   rawSpec: '6.5.1',
146 silly cache add   spec: '6.5.1',
146 silly cache add   type: 'version' }
147 silly addNamed qs@6.5.1
148 verbose addNamed "6.5.1" is a plain semver version for qs
149 silly mapToRegistry name qs
150 silly mapToRegistry using default registry
151 silly mapToRegistry registry https://registry.npmjs.org/
152 silly mapToRegistry data Result {
152 silly mapToRegistry   raw: 'qs',
152 silly mapToRegistry   scope: null,
152 silly mapToRegistry   escapedName: 'qs',
152 silly mapToRegistry   name: 'qs',
152 silly mapToRegistry   rawSpec: '',
152 silly mapToRegistry   spec: 'latest',
152 silly mapToRegistry   type: 'tag' }
153 silly mapToRegistry uri https://registry.npmjs.org/qs
154 verbose addNameVersion registry:https://registry.npmjs.org/qs not in flight; fetching
155 silly resolveWithNewModule serve-static@1.13.2 checking installable status
156 silly cache add args [ 'serve-static@1.13.2', null ]
157 verbose cache add spec serve-static@1.13.2
158 silly cache add parsed spec Result {
158 silly cache add   raw: 'serve-static@1.13.2',
158 silly cache add   scope: null,
158 silly cache add   escapedName: 'serve-static',
158 silly cache add   name: 'serve-static',
158 silly cache add   rawSpec: '1.13.2',
158 silly cache add   spec: '1.13.2',
158 silly cache add   type: 'version' }
159 silly addNamed serve-static@1.13.2
160 verbose addNamed "1.13.2" is a plain semver version for serve-static
161 silly mapToRegistry name serve-static
162 silly mapToRegistry using default registry
163 silly mapToRegistry registry https://registry.npmjs.org/
164 silly mapToRegistry data Result {
164 silly mapToRegistry   raw: 'serve-static',
164 silly mapToRegistry   scope: null,
164 silly mapToRegistry   escapedName: 'serve-static',
164 silly mapToRegistry   name: 'serve-static',
164 silly mapToRegistry   rawSpec: '',
164 silly mapToRegistry   spec: 'latest',
164 silly mapToRegistry   type: 'tag' }
165 silly mapToRegistry uri https://registry.npmjs.org/serve-static
166 verbose addNameVersion registry:https://registry.npmjs.org/serve-static not in flight; fetching
167 http 304 https://registry.npmjs.org/send
168 verbose headers { date: 'Sun, 24 Jun 2018 15:08:46 GMT',
168 verbose headers   connection: 'keep-alive',
168 verbose headers   'set-cookie': [ '__cfduid=d5768296b7f261778dc0bcc35662f233f1529852926; expires=Mon, 24-Jun-19 15:08:46 GMT; path=/; domain=.registry.npmjs.org; HttpOnly' ],
168 verbose headers   'cache-control': 'max-age=300',
168 verbose headers   'cf-cache-status': 'HIT',
168 verbose headers   'cf-ray': '43001c9479064a30-GRU',
168 verbose headers   etag: '"1ad685c40371ecdf81bd1d0fcdec39fd"',
168 verbose headers   'expect-ct': 'max-age=604800, report-uri="https://report-uri.cloudflare.com/cdn-cgi/beacon/expect-ct"',
168 verbose headers   'last-modified': 'Sun, 27 May 2018 16:58:00 GMT',
168 verbose headers   vary: 'accept-encoding, accept',
168 verbose headers   server: 'cloudflare' }
169 silly get cb [ 304,
169 silly get   { date: 'Sun, 24 Jun 2018 15:08:46 GMT',
169 silly get     connection: 'keep-alive',
169 silly get     'set-cookie': [ '__cfduid=d5768296b7f261778dc0bcc35662f233f1529852926; expires=Mon, 24-Jun-19 15:08:46 GMT; path=/; domain=.registry.npmjs.org; HttpOnly' ],
169 silly get     'cache-control': 'max-age=300',
169 silly get     'cf-cache-status': 'HIT',
169 silly get     'cf-ray': '43001c9479064a30-GRU',
169 silly get     etag: '"1ad685c40371ecdf81bd1d0fcdec39fd"',
169 silly get     'expect-ct': 'max-age=604800, report-uri="https://report-uri.cloudflare.com/cdn-cgi/beacon/expect-ct"',
169 silly get     'last-modified': 'Sun, 27 May 2018 16:58:00 GMT',
169 silly get     vary: 'accept-encoding, accept',
169 silly get     server: 'cloudflare' } ]
170 verbose etag https://registry.npmjs.org/send from cache
171 verbose get saving send to /home/vagrant/.npm/registry.npmjs.org/send/.cache.json
172 verbose correctMkdir /home/vagrant/.npm correctMkdir not in flight; initializing
173 verbose get https://registry.npmjs.org/qs not expired, no request
174 verbose get https://registry.npmjs.org/serve-static not expired, no request
175 silly cache afterAdd qs@6.5.1
176 verbose afterAdd /home/vagrant/.npm/qs/6.5.1/package/package.json not in flight; writing
177 verbose correctMkdir /home/vagrant/.npm correctMkdir not in flight; initializing
178 silly cache afterAdd serve-static@1.13.2
179 verbose afterAdd /home/vagrant/.npm/serve-static/1.13.2/package/package.json not in flight; writing
180 verbose correctMkdir /home/vagrant/.npm correctMkdir not in flight; initializing
181 silly resolveWithNewModule send@0.16.2 checking installable status
182 silly cache add args [ 'send@0.16.2', null ]
183 verbose cache add spec send@0.16.2
184 silly cache add parsed spec Result {
184 silly cache add   raw: 'send@0.16.2',
184 silly cache add   scope: null,
184 silly cache add   escapedName: 'send',
184 silly cache add   name: 'send',
184 silly cache add   rawSpec: '0.16.2',
184 silly cache add   spec: '0.16.2',
184 silly cache add   type: 'version' }
185 silly addNamed send@0.16.2
186 verbose addNamed "0.16.2" is a plain semver version for send
187 silly mapToRegistry name send
188 silly mapToRegistry using default registry
189 silly mapToRegistry registry https://registry.npmjs.org/
190 silly mapToRegistry data Result {
190 silly mapToRegistry   raw: 'send',
190 silly mapToRegistry   scope: null,
190 silly mapToRegistry   escapedName: 'send',
190 silly mapToRegistry   name: 'send',
190 silly mapToRegistry   rawSpec: '',
190 silly mapToRegistry   spec: 'latest',
190 silly mapToRegistry   type: 'tag' }
191 silly mapToRegistry uri https://registry.npmjs.org/send
192 verbose addNameVersion registry:https://registry.npmjs.org/send not in flight; fetching
193 verbose get https://registry.npmjs.org/send not expired, no request
194 verbose afterAdd /home/vagrant/.npm/qs/6.5.1/package/package.json written
195 verbose afterAdd /home/vagrant/.npm/serve-static/1.13.2/package/package.json written
196 silly cache afterAdd send@0.16.2
197 verbose afterAdd /home/vagrant/.npm/send/0.16.2/package/package.json not in flight; writing
198 verbose correctMkdir /home/vagrant/.npm correctMkdir not in flight; initializing
199 verbose afterAdd /home/vagrant/.npm/send/0.16.2/package/package.json written
200 silly fetchNamedPackageData iconv-lite
201 silly mapToRegistry name iconv-lite
202 silly mapToRegistry using default registry
203 silly mapToRegistry registry https://registry.npmjs.org/
204 silly mapToRegistry data Result {
204 silly mapToRegistry   raw: 'iconv-lite',
204 silly mapToRegistry   scope: null,
204 silly mapToRegistry   escapedName: 'iconv-lite',
204 silly mapToRegistry   name: 'iconv-lite',
204 silly mapToRegistry   rawSpec: '',
204 silly mapToRegistry   spec: 'latest',
204 silly mapToRegistry   type: 'tag' }
205 silly mapToRegistry uri https://registry.npmjs.org/iconv-lite
206 silly fetchNamedPackageData raw-body
207 silly mapToRegistry name raw-body
208 silly mapToRegistry using default registry
209 silly mapToRegistry registry https://registry.npmjs.org/
210 silly mapToRegistry data Result {
210 silly mapToRegistry   raw: 'raw-body',
210 silly mapToRegistry   scope: null,
210 silly mapToRegistry   escapedName: 'raw-body',
210 silly mapToRegistry   name: 'raw-body',
210 silly mapToRegistry   rawSpec: '',
210 silly mapToRegistry   spec: 'latest',
210 silly mapToRegistry   type: 'tag' }
211 silly mapToRegistry uri https://registry.npmjs.org/raw-body
212 verbose request uri https://registry.npmjs.org/iconv-lite
213 verbose request no auth needed
214 info attempt registry request try #1 at 12:08:46 PM
215 verbose etag W/"1e18fba8b63a1d8f009951723e8330c1"
216 verbose lastModified Sat, 26 May 2018 12:16:01 GMT
217 http request GET https://registry.npmjs.org/iconv-lite
218 verbose request uri https://registry.npmjs.org/raw-body
219 verbose request no auth needed
220 info attempt registry request try #1 at 12:08:46 PM
221 verbose etag W/"23a20b3fb2aae88192a0552cfee0ceed"
222 verbose lastModified Sun, 27 May 2018 13:37:30 GMT
223 http request GET https://registry.npmjs.org/raw-body
224 http 304 https://registry.npmjs.org/iconv-lite
225 verbose headers { date: 'Sun, 24 Jun 2018 15:08:46 GMT',
225 verbose headers   connection: 'keep-alive',
225 verbose headers   'set-cookie': [ '__cfduid=d1da74e7afd0e59371f9253c44da68b441529852926; expires=Mon, 24-Jun-19 15:08:46 GMT; path=/; domain=.registry.npmjs.org; HttpOnly' ],
225 verbose headers   'cache-control': 'max-age=300',
225 verbose headers   'cf-cache-status': 'HIT',
225 verbose headers   'cf-ray': '43001c951ebf8138-GRU',
225 verbose headers   etag: '"1e18fba8b63a1d8f009951723e8330c1"',
225 verbose headers   'expect-ct': 'max-age=604800, report-uri="https://report-uri.cloudflare.com/cdn-cgi/beacon/expect-ct"',
225 verbose headers   'last-modified': 'Sat, 26 May 2018 12:16:01 GMT',
225 verbose headers   vary: 'accept-encoding, accept',
225 verbose headers   server: 'cloudflare' }
226 silly get cb [ 304,
226 silly get   { date: 'Sun, 24 Jun 2018 15:08:46 GMT',
226 silly get     connection: 'keep-alive',
226 silly get     'set-cookie': [ '__cfduid=d1da74e7afd0e59371f9253c44da68b441529852926; expires=Mon, 24-Jun-19 15:08:46 GMT; path=/; domain=.registry.npmjs.org; HttpOnly' ],
226 silly get     'cache-control': 'max-age=300',
226 silly get     'cf-cache-status': 'HIT',
226 silly get     'cf-ray': '43001c951ebf8138-GRU',
226 silly get     etag: '"1e18fba8b63a1d8f009951723e8330c1"',
226 silly get     'expect-ct': 'max-age=604800, report-uri="https://report-uri.cloudflare.com/cdn-cgi/beacon/expect-ct"',
226 silly get     'last-modified': 'Sat, 26 May 2018 12:16:01 GMT',
226 silly get     vary: 'accept-encoding, accept',
226 silly get     server: 'cloudflare' } ]
227 verbose etag https://registry.npmjs.org/iconv-lite from cache
228 verbose get saving iconv-lite to /home/vagrant/.npm/registry.npmjs.org/iconv-lite/.cache.json
229 verbose correctMkdir /home/vagrant/.npm correctMkdir not in flight; initializing
230 silly resolveWithNewModule iconv-lite@0.4.19 checking installable status
231 silly cache add args [ 'iconv-lite@0.4.19', null ]
232 verbose cache add spec iconv-lite@0.4.19
233 silly cache add parsed spec Result {
233 silly cache add   raw: 'iconv-lite@0.4.19',
233 silly cache add   scope: null,
233 silly cache add   escapedName: 'iconv-lite',
233 silly cache add   name: 'iconv-lite',
233 silly cache add   rawSpec: '0.4.19',
233 silly cache add   spec: '0.4.19',
233 silly cache add   type: 'version' }
234 silly addNamed iconv-lite@0.4.19
235 verbose addNamed "0.4.19" is a plain semver version for iconv-lite
236 silly mapToRegistry name iconv-lite
237 silly mapToRegistry using default registry
238 silly mapToRegistry registry https://registry.npmjs.org/
239 silly mapToRegistry data Result {
239 silly mapToRegistry   raw: 'iconv-lite',
239 silly mapToRegistry   scope: null,
239 silly mapToRegistry   escapedName: 'iconv-lite',
239 silly mapToRegistry   name: 'iconv-lite',
239 silly mapToRegistry   rawSpec: '',
239 silly mapToRegistry   spec: 'latest',
239 silly mapToRegistry   type: 'tag' }
240 silly mapToRegistry uri https://registry.npmjs.org/iconv-lite
241 verbose addNameVersion registry:https://registry.npmjs.org/iconv-lite not in flight; fetching
242 http 304 https://registry.npmjs.org/raw-body
243 verbose headers { date: 'Sun, 24 Jun 2018 15:08:46 GMT',
243 verbose headers   connection: 'keep-alive',
243 verbose headers   'set-cookie': [ '__cfduid=d1da74e7afd0e59371f9253c44da68b441529852926; expires=Mon, 24-Jun-19 15:08:46 GMT; path=/; domain=.registry.npmjs.org; HttpOnly' ],
243 verbose headers   'cache-control': 'max-age=300',
243 verbose headers   'cf-cache-status': 'HIT',
243 verbose headers   'cf-ray': '43001c951ec08138-GRU',
243 verbose headers   etag: '"23a20b3fb2aae88192a0552cfee0ceed"',
243 verbose headers   'expect-ct': 'max-age=604800, report-uri="https://report-uri.cloudflare.com/cdn-cgi/beacon/expect-ct"',
243 verbose headers   'last-modified': 'Sun, 27 May 2018 13:37:30 GMT',
243 verbose headers   vary: 'accept-encoding, accept',
243 verbose headers   server: 'cloudflare' }
244 silly get cb [ 304,
244 silly get   { date: 'Sun, 24 Jun 2018 15:08:46 GMT',
244 silly get     connection: 'keep-alive',
244 silly get     'set-cookie': [ '__cfduid=d1da74e7afd0e59371f9253c44da68b441529852926; expires=Mon, 24-Jun-19 15:08:46 GMT; path=/; domain=.registry.npmjs.org; HttpOnly' ],
244 silly get     'cache-control': 'max-age=300',
244 silly get     'cf-cache-status': 'HIT',
244 silly get     'cf-ray': '43001c951ec08138-GRU',
244 silly get     etag: '"23a20b3fb2aae88192a0552cfee0ceed"',
244 silly get     'expect-ct': 'max-age=604800, report-uri="https://report-uri.cloudflare.com/cdn-cgi/beacon/expect-ct"',
244 silly get     'last-modified': 'Sun, 27 May 2018 13:37:30 GMT',
244 silly get     vary: 'accept-encoding, accept',
244 silly get     server: 'cloudflare' } ]
245 verbose etag https://registry.npmjs.org/raw-body from cache
246 verbose get saving raw-body to /home/vagrant/.npm/registry.npmjs.org/raw-body/.cache.json
247 verbose correctMkdir /home/vagrant/.npm correctMkdir not in flight; initializing
248 verbose get https://registry.npmjs.org/iconv-lite not expired, no request
249 silly cache afterAdd iconv-lite@0.4.19
250 verbose afterAdd /home/vagrant/.npm/iconv-lite/0.4.19/package/package.json not in flight; writing
251 verbose correctMkdir /home/vagrant/.npm correctMkdir not in flight; initializing
252 silly resolveWithNewModule raw-body@2.3.2 checking installable status
253 silly cache add args [ 'raw-body@2.3.2', null ]
254 verbose cache add spec raw-body@2.3.2
255 silly cache add parsed spec Result {
255 silly cache add   raw: 'raw-body@2.3.2',
255 silly cache add   scope: null,
255 silly cache add   escapedName: 'raw-body',
255 silly cache add   name: 'raw-body',
255 silly cache add   rawSpec: '2.3.2',
255 silly cache add   spec: '2.3.2',
255 silly cache add   type: 'version' }
256 silly addNamed raw-body@2.3.2
257 verbose addNamed "2.3.2" is a plain semver version for raw-body
258 silly mapToRegistry name raw-body
259 silly mapToRegistry using default registry
260 silly mapToRegistry registry https://registry.npmjs.org/
261 silly mapToRegistry data Result {
261 silly mapToRegistry   raw: 'raw-body',
261 silly mapToRegistry   scope: null,
261 silly mapToRegistry   escapedName: 'raw-body',
261 silly mapToRegistry   name: 'raw-body',
261 silly mapToRegistry   rawSpec: '',
261 silly mapToRegistry   spec: 'latest',
261 silly mapToRegistry   type: 'tag' }
262 silly mapToRegistry uri https://registry.npmjs.org/raw-body
263 verbose addNameVersion registry:https://registry.npmjs.org/raw-body not in flight; fetching
264 verbose get https://registry.npmjs.org/raw-body not expired, no request
265 verbose afterAdd /home/vagrant/.npm/iconv-lite/0.4.19/package/package.json written
266 silly cache afterAdd raw-body@2.3.2
267 verbose afterAdd /home/vagrant/.npm/raw-body/2.3.2/package/package.json not in flight; writing
268 verbose correctMkdir /home/vagrant/.npm correctMkdir not in flight; initializing
269 verbose afterAdd /home/vagrant/.npm/raw-body/2.3.2/package/package.json written
270 silly fetchNamedPackageData http-errors
271 silly mapToRegistry name http-errors
272 silly mapToRegistry using default registry
273 silly mapToRegistry registry https://registry.npmjs.org/
274 silly mapToRegistry data Result {
274 silly mapToRegistry   raw: 'http-errors',
274 silly mapToRegistry   scope: null,
274 silly mapToRegistry   escapedName: 'http-errors',
274 silly mapToRegistry   name: 'http-errors',
274 silly mapToRegistry   rawSpec: '',
274 silly mapToRegistry   spec: 'latest',
274 silly mapToRegistry   type: 'tag' }
275 silly mapToRegistry uri https://registry.npmjs.org/http-errors
276 verbose request uri https://registry.npmjs.org/http-errors
277 verbose request no auth needed
278 info attempt registry request try #1 at 12:08:46 PM
279 verbose etag W/"5819913cac1990b715a1fb1d3d0fef32"
280 verbose lastModified Sun, 27 May 2018 04:03:39 GMT
281 http request GET https://registry.npmjs.org/http-errors
282 http 304 https://registry.npmjs.org/http-errors
283 verbose headers { date: 'Sun, 24 Jun 2018 15:08:46 GMT',
283 verbose headers   connection: 'keep-alive',
283 verbose headers   'set-cookie': [ '__cfduid=d67452fe3839d1e27de8f762887f70f7a1529852926; expires=Mon, 24-Jun-19 15:08:46 GMT; path=/; domain=.registry.npmjs.org; HttpOnly' ],
283 verbose headers   'cache-control': 'max-age=300',
283 verbose headers   'cf-cache-status': 'HIT',
283 verbose headers   'cf-ray': '43001c95888f4b9f-GRU',
283 verbose headers   etag: '"5819913cac1990b715a1fb1d3d0fef32"',
283 verbose headers   'expect-ct': 'max-age=604800, report-uri="https://report-uri.cloudflare.com/cdn-cgi/beacon/expect-ct"',
283 verbose headers   'last-modified': 'Sun, 27 May 2018 04:03:39 GMT',
283 verbose headers   vary: 'accept-encoding, accept',
283 verbose headers   server: 'cloudflare' }
284 silly get cb [ 304,
284 silly get   { date: 'Sun, 24 Jun 2018 15:08:46 GMT',
284 silly get     connection: 'keep-alive',
284 silly get     'set-cookie': [ '__cfduid=d67452fe3839d1e27de8f762887f70f7a1529852926; expires=Mon, 24-Jun-19 15:08:46 GMT; path=/; domain=.registry.npmjs.org; HttpOnly' ],
284 silly get     'cache-control': 'max-age=300',
284 silly get     'cf-cache-status': 'HIT',
284 silly get     'cf-ray': '43001c95888f4b9f-GRU',
284 silly get     etag: '"5819913cac1990b715a1fb1d3d0fef32"',
284 silly get     'expect-ct': 'max-age=604800, report-uri="https://report-uri.cloudflare.com/cdn-cgi/beacon/expect-ct"',
284 silly get     'last-modified': 'Sun, 27 May 2018 04:03:39 GMT',
284 silly get     vary: 'accept-encoding, accept',
284 silly get     server: 'cloudflare' } ]
285 verbose etag https://registry.npmjs.org/http-errors from cache
286 verbose get saving http-errors to /home/vagrant/.npm/registry.npmjs.org/http-errors/.cache.json
287 verbose correctMkdir /home/vagrant/.npm correctMkdir not in flight; initializing
288 silly resolveWithNewModule http-errors@1.6.2 checking installable status
289 silly cache add args [ 'http-errors@1.6.2', null ]
290 verbose cache add spec http-errors@1.6.2
291 silly cache add parsed spec Result {
291 silly cache add   raw: 'http-errors@1.6.2',
291 silly cache add   scope: null,
291 silly cache add   escapedName: 'http-errors',
291 silly cache add   name: 'http-errors',
291 silly cache add   rawSpec: '1.6.2',
291 silly cache add   spec: '1.6.2',
291 silly cache add   type: 'version' }
292 silly addNamed http-errors@1.6.2
293 verbose addNamed "1.6.2" is a plain semver version for http-errors
294 silly mapToRegistry name http-errors
295 silly mapToRegistry using default registry
296 silly mapToRegistry registry https://registry.npmjs.org/
297 silly mapToRegistry data Result {
297 silly mapToRegistry   raw: 'http-errors',
297 silly mapToRegistry   scope: null,
297 silly mapToRegistry   escapedName: 'http-errors',
297 silly mapToRegistry   name: 'http-errors',
297 silly mapToRegistry   rawSpec: '',
297 silly mapToRegistry   spec: 'latest',
297 silly mapToRegistry   type: 'tag' }
298 silly mapToRegistry uri https://registry.npmjs.org/http-errors
299 verbose addNameVersion registry:https://registry.npmjs.org/http-errors not in flight; fetching
300 verbose get https://registry.npmjs.org/http-errors not expired, no request
301 silly cache afterAdd http-errors@1.6.2
302 verbose afterAdd /home/vagrant/.npm/http-errors/1.6.2/package/package.json not in flight; writing
303 verbose correctMkdir /home/vagrant/.npm correctMkdir not in flight; initializing
304 verbose afterAdd /home/vagrant/.npm/http-errors/1.6.2/package/package.json written
305 silly fetchNamedPackageData depd
306 silly mapToRegistry name depd
307 silly mapToRegistry using default registry
308 silly mapToRegistry registry https://registry.npmjs.org/
309 silly mapToRegistry data Result {
309 silly mapToRegistry   raw: 'depd',
309 silly mapToRegistry   scope: null,
309 silly mapToRegistry   escapedName: 'depd',
309 silly mapToRegistry   name: 'depd',
309 silly mapToRegistry   rawSpec: '',
309 silly mapToRegistry   spec: 'latest',
309 silly mapToRegistry   type: 'tag' }
310 silly mapToRegistry uri https://registry.npmjs.org/depd
311 silly fetchNamedPackageData setprototypeof
312 silly mapToRegistry name setprototypeof
313 silly mapToRegistry using default registry
314 silly mapToRegistry registry https://registry.npmjs.org/
315 silly mapToRegistry data Result {
315 silly mapToRegistry   raw: 'setprototypeof',
315 silly mapToRegistry   scope: null,
315 silly mapToRegistry   escapedName: 'setprototypeof',
315 silly mapToRegistry   name: 'setprototypeof',
315 silly mapToRegistry   rawSpec: '',
315 silly mapToRegistry   spec: 'latest',
315 silly mapToRegistry   type: 'tag' }
316 silly mapToRegistry uri https://registry.npmjs.org/setprototypeof
317 verbose request uri https://registry.npmjs.org/depd
318 verbose request no auth needed
319 info attempt registry request try #1 at 12:08:46 PM
320 verbose etag W/"9150e87559c898ce3ac0d1c8d2d8ae9b"
321 verbose lastModified Sat, 26 May 2018 21:59:06 GMT
322 http request GET https://registry.npmjs.org/depd
323 verbose request uri https://registry.npmjs.org/setprototypeof
324 verbose request no auth needed
325 info attempt registry request try #1 at 12:08:46 PM
326 verbose etag W/"dda06276b7d9f1a59ef3085f61975051"
327 verbose lastModified Sun, 27 May 2018 17:05:27 GMT
328 http request GET https://registry.npmjs.org/setprototypeof
329 http 304 https://registry.npmjs.org/setprototypeof
330 verbose headers { date: 'Sun, 24 Jun 2018 15:08:46 GMT',
330 verbose headers   connection: 'keep-alive',
330 verbose headers   'set-cookie': [ '__cfduid=d1da74e7afd0e59371f9253c44da68b441529852926; expires=Mon, 24-Jun-19 15:08:46 GMT; path=/; domain=.registry.npmjs.org; HttpOnly' ],
330 verbose headers   'cache-control': 'max-age=300',
330 verbose headers   'cf-cache-status': 'HIT',
330 verbose headers   'cf-ray': '43001c95ef458138-GRU',
330 verbose headers   etag: '"dda06276b7d9f1a59ef3085f61975051"',
330 verbose headers   'expect-ct': 'max-age=604800, report-uri="https://report-uri.cloudflare.com/cdn-cgi/beacon/expect-ct"',
330 verbose headers   'last-modified': 'Sun, 27 May 2018 17:05:27 GMT',
330 verbose headers   vary: 'accept-encoding, accept',
330 verbose headers   server: 'cloudflare' }
331 silly get cb [ 304,
331 silly get   { date: 'Sun, 24 Jun 2018 15:08:46 GMT',
331 silly get     connection: 'keep-alive',
331 silly get     'set-cookie': [ '__cfduid=d1da74e7afd0e59371f9253c44da68b441529852926; expires=Mon, 24-Jun-19 15:08:46 GMT; path=/; domain=.registry.npmjs.org; HttpOnly' ],
331 silly get     'cache-control': 'max-age=300',
331 silly get     'cf-cache-status': 'HIT',
331 silly get     'cf-ray': '43001c95ef458138-GRU',
331 silly get     etag: '"dda06276b7d9f1a59ef3085f61975051"',
331 silly get     'expect-ct': 'max-age=604800, report-uri="https://report-uri.cloudflare.com/cdn-cgi/beacon/expect-ct"',
331 silly get     'last-modified': 'Sun, 27 May 2018 17:05:27 GMT',
331 silly get     vary: 'accept-encoding, accept',
331 silly get     server: 'cloudflare' } ]
332 verbose etag https://registry.npmjs.org/setprototypeof from cache
333 verbose get saving setprototypeof to /home/vagrant/.npm/registry.npmjs.org/setprototypeof/.cache.json
334 verbose correctMkdir /home/vagrant/.npm correctMkdir not in flight; initializing
335 silly resolveWithNewModule setprototypeof@1.0.3 checking installable status
336 silly cache add args [ 'setprototypeof@1.0.3', null ]
337 verbose cache add spec setprototypeof@1.0.3
338 silly cache add parsed spec Result {
338 silly cache add   raw: 'setprototypeof@1.0.3',
338 silly cache add   scope: null,
338 silly cache add   escapedName: 'setprototypeof',
338 silly cache add   name: 'setprototypeof',
338 silly cache add   rawSpec: '1.0.3',
338 silly cache add   spec: '1.0.3',
338 silly cache add   type: 'version' }
339 silly addNamed setprototypeof@1.0.3
340 verbose addNamed "1.0.3" is a plain semver version for setprototypeof
341 silly mapToRegistry name setprototypeof
342 silly mapToRegistry using default registry
343 silly mapToRegistry registry https://registry.npmjs.org/
344 silly mapToRegistry data Result {
344 silly mapToRegistry   raw: 'setprototypeof',
344 silly mapToRegistry   scope: null,
344 silly mapToRegistry   escapedName: 'setprototypeof',
344 silly mapToRegistry   name: 'setprototypeof',
344 silly mapToRegistry   rawSpec: '',
344 silly mapToRegistry   spec: 'latest',
344 silly mapToRegistry   type: 'tag' }
345 silly mapToRegistry uri https://registry.npmjs.org/setprototypeof
346 verbose addNameVersion registry:https://registry.npmjs.org/setprototypeof not in flight; fetching
347 http 304 https://registry.npmjs.org/depd
348 verbose headers { date: 'Sun, 24 Jun 2018 15:08:46 GMT',
348 verbose headers   connection: 'keep-alive',
348 verbose headers   'set-cookie': [ '__cfduid=d5768296b7f261778dc0bcc35662f233f1529852926; expires=Mon, 24-Jun-19 15:08:46 GMT; path=/; domain=.registry.npmjs.org; HttpOnly' ],
348 verbose headers   'cache-control': 'max-age=300',
348 verbose headers   'cf-cache-status': 'HIT',
348 verbose headers   'cf-ray': '43001c95e9ef4a30-GRU',
348 verbose headers   etag: '"9150e87559c898ce3ac0d1c8d2d8ae9b"',
348 verbose headers   'expect-ct': 'max-age=604800, report-uri="https://report-uri.cloudflare.com/cdn-cgi/beacon/expect-ct"',
348 verbose headers   'last-modified': 'Sat, 26 May 2018 21:59:06 GMT',
348 verbose headers   vary: 'accept-encoding, accept',
348 verbose headers   server: 'cloudflare' }
349 silly get cb [ 304,
349 silly get   { date: 'Sun, 24 Jun 2018 15:08:46 GMT',
349 silly get     connection: 'keep-alive',
349 silly get     'set-cookie': [ '__cfduid=d5768296b7f261778dc0bcc35662f233f1529852926; expires=Mon, 24-Jun-19 15:08:46 GMT; path=/; domain=.registry.npmjs.org; HttpOnly' ],
349 silly get     'cache-control': 'max-age=300',
349 silly get     'cf-cache-status': 'HIT',
349 silly get     'cf-ray': '43001c95e9ef4a30-GRU',
349 silly get     etag: '"9150e87559c898ce3ac0d1c8d2d8ae9b"',
349 silly get     'expect-ct': 'max-age=604800, report-uri="https://report-uri.cloudflare.com/cdn-cgi/beacon/expect-ct"',
349 silly get     'last-modified': 'Sat, 26 May 2018 21:59:06 GMT',
349 silly get     vary: 'accept-encoding, accept',
349 silly get     server: 'cloudflare' } ]
350 verbose etag https://registry.npmjs.org/depd from cache
351 verbose get saving depd to /home/vagrant/.npm/registry.npmjs.org/depd/.cache.json
352 verbose correctMkdir /home/vagrant/.npm correctMkdir not in flight; initializing
353 verbose get https://registry.npmjs.org/setprototypeof not expired, no request
354 silly cache afterAdd setprototypeof@1.0.3
355 verbose afterAdd /home/vagrant/.npm/setprototypeof/1.0.3/package/package.json not in flight; writing
356 verbose correctMkdir /home/vagrant/.npm correctMkdir not in flight; initializing
357 silly resolveWithNewModule depd@1.1.1 checking installable status
358 silly cache add args [ 'depd@1.1.1', null ]
359 verbose cache add spec depd@1.1.1
360 silly cache add parsed spec Result {
360 silly cache add   raw: 'depd@1.1.1',
360 silly cache add   scope: null,
360 silly cache add   escapedName: 'depd',
360 silly cache add   name: 'depd',
360 silly cache add   rawSpec: '1.1.1',
360 silly cache add   spec: '1.1.1',
360 silly cache add   type: 'version' }
361 silly addNamed depd@1.1.1
362 verbose addNamed "1.1.1" is a plain semver version for depd
363 silly mapToRegistry name depd
364 silly mapToRegistry using default registry
365 silly mapToRegistry registry https://registry.npmjs.org/
366 silly mapToRegistry data Result {
366 silly mapToRegistry   raw: 'depd',
366 silly mapToRegistry   scope: null,
366 silly mapToRegistry   escapedName: 'depd',
366 silly mapToRegistry   name: 'depd',
366 silly mapToRegistry   rawSpec: '',
366 silly mapToRegistry   spec: 'latest',
366 silly mapToRegistry   type: 'tag' }
367 silly mapToRegistry uri https://registry.npmjs.org/depd
368 verbose addNameVersion registry:https://registry.npmjs.org/depd not in flight; fetching
369 verbose afterAdd /home/vagrant/.npm/setprototypeof/1.0.3/package/package.json written
370 verbose get https://registry.npmjs.org/depd not expired, no request
371 silly cache afterAdd depd@1.1.1
372 verbose afterAdd /home/vagrant/.npm/depd/1.1.1/package/package.json not in flight; writing
373 verbose correctMkdir /home/vagrant/.npm correctMkdir not in flight; initializing
374 verbose afterAdd /home/vagrant/.npm/depd/1.1.1/package/package.json written
375 silly fetchNamedPackageData mime
376 silly mapToRegistry name mime
377 silly mapToRegistry using default registry
378 silly mapToRegistry registry https://registry.npmjs.org/
379 silly mapToRegistry data Result {
379 silly mapToRegistry   raw: 'mime',
379 silly mapToRegistry   scope: null,
379 silly mapToRegistry   escapedName: 'mime',
379 silly mapToRegistry   name: 'mime',
379 silly mapToRegistry   rawSpec: '',
379 silly mapToRegistry   spec: 'latest',
379 silly mapToRegistry   type: 'tag' }
380 silly mapToRegistry uri https://registry.npmjs.org/mime
381 verbose request uri https://registry.npmjs.org/mime
382 verbose request no auth needed
383 info attempt registry request try #1 at 12:08:46 PM
384 verbose etag W/"7b69e66227b47c1562b39f2deb8dfaae"
385 verbose lastModified Sun, 27 May 2018 08:04:30 GMT
386 http request GET https://registry.npmjs.org/mime
387 http 304 https://registry.npmjs.org/mime
388 verbose headers { date: 'Sun, 24 Jun 2018 15:08:46 GMT',
388 verbose headers   connection: 'keep-alive',
388 verbose headers   'set-cookie': [ '__cfduid=d1da74e7afd0e59371f9253c44da68b441529852926; expires=Mon, 24-Jun-19 15:08:46 GMT; path=/; domain=.registry.npmjs.org; HttpOnly' ],
388 verbose headers   'cache-control': 'max-age=300',
388 verbose headers   'cf-cache-status': 'HIT',
388 verbose headers   'cf-ray': '43001c965f8d8138-GRU',
388 verbose headers   etag: '"7b69e66227b47c1562b39f2deb8dfaae"',
388 verbose headers   'expect-ct': 'max-age=604800, report-uri="https://report-uri.cloudflare.com/cdn-cgi/beacon/expect-ct"',
388 verbose headers   'last-modified': 'Sun, 27 May 2018 08:04:30 GMT',
388 verbose headers   vary: 'accept-encoding, accept',
388 verbose headers   server: 'cloudflare' }
389 silly get cb [ 304,
389 silly get   { date: 'Sun, 24 Jun 2018 15:08:46 GMT',
389 silly get     connection: 'keep-alive',
389 silly get     'set-cookie': [ '__cfduid=d1da74e7afd0e59371f9253c44da68b441529852926; expires=Mon, 24-Jun-19 15:08:46 GMT; path=/; domain=.registry.npmjs.org; HttpOnly' ],
389 silly get     'cache-control': 'max-age=300',
389 silly get     'cf-cache-status': 'HIT',
389 silly get     'cf-ray': '43001c965f8d8138-GRU',
389 silly get     etag: '"7b69e66227b47c1562b39f2deb8dfaae"',
389 silly get     'expect-ct': 'max-age=604800, report-uri="https://report-uri.cloudflare.com/cdn-cgi/beacon/expect-ct"',
389 silly get     'last-modified': 'Sun, 27 May 2018 08:04:30 GMT',
389 silly get     vary: 'accept-encoding, accept',
389 silly get     server: 'cloudflare' } ]
390 verbose etag https://registry.npmjs.org/mime from cache
391 verbose get saving mime to /home/vagrant/.npm/registry.npmjs.org/mime/.cache.json
392 verbose correctMkdir /home/vagrant/.npm correctMkdir not in flight; initializing
393 silly resolveWithNewModule mime@1.4.1 checking installable status
394 silly cache add args [ 'mime@1.4.1', null ]
395 verbose cache add spec mime@1.4.1
396 silly cache add parsed spec Result {
396 silly cache add   raw: 'mime@1.4.1',
396 silly cache add   scope: null,
396 silly cache add   escapedName: 'mime',
396 silly cache add   name: 'mime',
396 silly cache add   rawSpec: '1.4.1',
396 silly cache add   spec: '1.4.1',
396 silly cache add   type: 'version' }
397 silly addNamed mime@1.4.1
398 verbose addNamed "1.4.1" is a plain semver version for mime
399 silly mapToRegistry name mime
400 silly mapToRegistry using default registry
401 silly mapToRegistry registry https://registry.npmjs.org/
402 silly mapToRegistry data Result {
402 silly mapToRegistry   raw: 'mime',
402 silly mapToRegistry   scope: null,
402 silly mapToRegistry   escapedName: 'mime',
402 silly mapToRegistry   name: 'mime',
402 silly mapToRegistry   rawSpec: '',
402 silly mapToRegistry   spec: 'latest',
402 silly mapToRegistry   type: 'tag' }
403 silly mapToRegistry uri https://registry.npmjs.org/mime
404 verbose addNameVersion registry:https://registry.npmjs.org/mime not in flight; fetching
405 verbose get https://registry.npmjs.org/mime not expired, no request
406 silly cache afterAdd mime@1.4.1
407 verbose afterAdd /home/vagrant/.npm/mime/1.4.1/package/package.json not in flight; writing
408 verbose correctMkdir /home/vagrant/.npm correctMkdir not in flight; initializing
409 verbose afterAdd /home/vagrant/.npm/mime/1.4.1/package/package.json written
410 silly loadAllDepsIntoIdealTree Finishing
411 silly loadIdealTree Finishing
412 silly currentTree service@1.0.0
412 silly currentTree ├── accepts@1.3.5
412 silly currentTree ├── array-flatten@1.1.1
412 silly currentTree ├── body-parser@1.18.3
412 silly currentTree ├── bytes@3.0.0
412 silly currentTree ├── content-disposition@0.5.2
412 silly currentTree ├── content-type@1.0.4
412 silly currentTree ├── cookie-signature@1.0.6
412 silly currentTree ├── cookie@0.3.1
412 silly currentTree ├── debug@2.6.9
412 silly currentTree ├── depd@1.1.2
412 silly currentTree ├── destroy@1.0.4
412 silly currentTree ├── ee-first@1.1.1
412 silly currentTree ├── encodeurl@1.0.2
412 silly currentTree ├── escape-html@1.0.3
412 silly currentTree ├── etag@1.8.1
412 silly currentTree ├── finalhandler@1.1.1
412 silly currentTree ├── forwarded@0.1.2
412 silly currentTree ├── fresh@0.5.2
412 silly currentTree ├── http-errors@1.6.3
412 silly currentTree ├── iconv-lite@0.4.23
412 silly currentTree ├── inherits@2.0.3
412 silly currentTree ├── ipaddr.js@1.6.0
412 silly currentTree ├── media-typer@0.3.0
412 silly currentTree ├── merge-descriptors@1.0.1
412 silly currentTree ├── methods@1.1.2
412 silly currentTree ├── mime-db@1.33.0
412 silly currentTree ├── mime-types@2.1.18
412 silly currentTree ├── ms@2.0.0
412 silly currentTree ├── negotiator@0.6.1
412 silly currentTree ├── on-finished@2.3.0
412 silly currentTree ├── parseurl@1.3.2
412 silly currentTree ├── path-to-regexp@0.1.7
412 silly currentTree ├── proxy-addr@2.0.3
412 silly currentTree ├── qs@6.5.2
412 silly currentTree ├── range-parser@1.2.0
412 silly currentTree ├── raw-body@2.3.3
412 silly currentTree ├── safe-buffer@5.1.1
412 silly currentTree ├── safer-buffer@2.1.2
412 silly currentTree ├── setprototypeof@1.1.0
412 silly currentTree ├── statuses@1.4.0
412 silly currentTree ├── type-is@1.6.16
412 silly currentTree ├── unpipe@1.0.0
412 silly currentTree ├── utils-merge@1.0.1
412 silly currentTree └── vary@1.1.2
413 silly idealTree service@1.0.0
413 silly idealTree ├── accepts@1.3.5
413 silly idealTree ├── array-flatten@1.1.1
413 silly idealTree ├── body-parser@1.18.3
413 silly idealTree ├── bytes@3.0.0
413 silly idealTree ├── content-disposition@0.5.2
413 silly idealTree ├── content-type@1.0.4
413 silly idealTree ├── cookie-signature@1.0.6
413 silly idealTree ├── cookie@0.3.1
413 silly idealTree ├── debug@2.6.9
413 silly idealTree ├── depd@1.1.2
413 silly idealTree ├── destroy@1.0.4
413 silly idealTree ├── ee-first@1.1.1
413 silly idealTree ├── encodeurl@1.0.2
413 silly idealTree ├── escape-html@1.0.3
413 silly idealTree ├── etag@1.8.1
413 silly idealTree ├─┬ express@4.16.3
413 silly idealTree │ ├── body-parser@1.18.2
413 silly idealTree │ ├── iconv-lite@0.4.19
413 silly idealTree │ ├── qs@6.5.1
413 silly idealTree │ └─┬ raw-body@2.3.2
413 silly idealTree │   ├── depd@1.1.1
413 silly idealTree │   ├── http-errors@1.6.2
413 silly idealTree │   └── setprototypeof@1.0.3
413 silly idealTree ├── finalhandler@1.1.1
413 silly idealTree ├── forwarded@0.1.2
413 silly idealTree ├── fresh@0.5.2
413 silly idealTree ├── http-errors@1.6.3
413 silly idealTree ├── iconv-lite@0.4.23
413 silly idealTree ├── inherits@2.0.3
413 silly idealTree ├── ipaddr.js@1.6.0
413 silly idealTree ├── media-typer@0.3.0
413 silly idealTree ├── merge-descriptors@1.0.1
413 silly idealTree ├── methods@1.1.2
413 silly idealTree ├── mime-db@1.33.0
413 silly idealTree ├── mime-types@2.1.18
413 silly idealTree ├── mime@1.4.1
413 silly idealTree ├── ms@2.0.0
413 silly idealTree ├── negotiator@0.6.1
413 silly idealTree ├── on-finished@2.3.0
413 silly idealTree ├── parseurl@1.3.2
413 silly idealTree ├── path-to-regexp@0.1.7
413 silly idealTree ├── proxy-addr@2.0.3
413 silly idealTree ├── qs@6.5.2
413 silly idealTree ├── range-parser@1.2.0
413 silly idealTree ├── raw-body@2.3.3
413 silly idealTree ├── safe-buffer@5.1.1
413 silly idealTree ├── safer-buffer@2.1.2
413 silly idealTree ├── send@0.16.2
413 silly idealTree ├── serve-static@1.13.2
413 silly idealTree ├── setprototypeof@1.1.0
413 silly idealTree ├── statuses@1.4.0
413 silly idealTree ├── type-is@1.6.16
413 silly idealTree ├── unpipe@1.0.0
413 silly idealTree ├── utils-merge@1.0.1
413 silly idealTree └── vary@1.1.2
414 silly generateActionsToTake Starting
415 silly install generateActionsToTake
416 silly generateActionsToTake Finishing
417 silly diffTrees action count 11
418 silly diffTrees add iconv-lite@0.4.19
419 silly diffTrees add qs@6.5.1
420 silly diffTrees add depd@1.1.1
421 silly diffTrees add setprototypeof@1.0.3
422 silly diffTrees add http-errors@1.6.2
423 silly diffTrees add raw-body@2.3.2
424 silly diffTrees add mime@1.4.1
425 silly diffTrees add send@0.16.2
426 silly diffTrees add body-parser@1.18.2
427 silly diffTrees add serve-static@1.13.2
428 silly diffTrees add express@4.16.3
429 silly decomposeActions action count 88
430 silly decomposeActions fetch iconv-lite@0.4.19
431 silly decomposeActions extract iconv-lite@0.4.19
432 silly decomposeActions test iconv-lite@0.4.19
433 silly decomposeActions preinstall iconv-lite@0.4.19
434 silly decomposeActions build iconv-lite@0.4.19
435 silly decomposeActions install iconv-lite@0.4.19
436 silly decomposeActions postinstall iconv-lite@0.4.19
437 silly decomposeActions finalize iconv-lite@0.4.19
438 silly decomposeActions fetch qs@6.5.1
439 silly decomposeActions extract qs@6.5.1
440 silly decomposeActions test qs@6.5.1
441 silly decomposeActions preinstall qs@6.5.1
442 silly decomposeActions build qs@6.5.1
443 silly decomposeActions install qs@6.5.1
444 silly decomposeActions postinstall qs@6.5.1
445 silly decomposeActions finalize qs@6.5.1
446 silly decomposeActions fetch depd@1.1.1
447 silly decomposeActions extract depd@1.1.1
448 silly decomposeActions test depd@1.1.1
449 silly decomposeActions preinstall depd@1.1.1
450 silly decomposeActions build depd@1.1.1
451 silly decomposeActions install depd@1.1.1
452 silly decomposeActions postinstall depd@1.1.1
453 silly decomposeActions finalize depd@1.1.1
454 silly decomposeActions fetch setprototypeof@1.0.3
455 silly decomposeActions extract setprototypeof@1.0.3
456 silly decomposeActions test setprototypeof@1.0.3
457 silly decomposeActions preinstall setprototypeof@1.0.3
458 silly decomposeActions build setprototypeof@1.0.3
459 silly decomposeActions install setprototypeof@1.0.3
460 silly decomposeActions postinstall setprototypeof@1.0.3
461 silly decomposeActions finalize setprototypeof@1.0.3
462 silly decomposeActions fetch http-errors@1.6.2
463 silly decomposeActions extract http-errors@1.6.2
464 silly decomposeActions test http-errors@1.6.2
465 silly decomposeActions preinstall http-errors@1.6.2
466 silly decomposeActions build http-errors@1.6.2
467 silly decomposeActions install http-errors@1.6.2
468 silly decomposeActions postinstall http-errors@1.6.2
469 silly decomposeActions finalize http-errors@1.6.2
470 silly decomposeActions fetch raw-body@2.3.2
471 silly decomposeActions extract raw-body@2.3.2
472 silly decomposeActions test raw-body@2.3.2
473 silly decomposeActions preinstall raw-body@2.3.2
474 silly decomposeActions build raw-body@2.3.2
475 silly decomposeActions install raw-body@2.3.2
476 silly decomposeActions postinstall raw-body@2.3.2
477 silly decomposeActions finalize raw-body@2.3.2
478 silly decomposeActions fetch mime@1.4.1
479 silly decomposeActions extract mime@1.4.1
480 silly decomposeActions test mime@1.4.1
481 silly decomposeActions preinstall mime@1.4.1
482 silly decomposeActions build mime@1.4.1
483 silly decomposeActions install mime@1.4.1
484 silly decomposeActions postinstall mime@1.4.1
485 silly decomposeActions finalize mime@1.4.1
486 silly decomposeActions fetch send@0.16.2
487 silly decomposeActions extract send@0.16.2
488 silly decomposeActions test send@0.16.2
489 silly decomposeActions preinstall send@0.16.2
490 silly decomposeActions build send@0.16.2
491 silly decomposeActions install send@0.16.2
492 silly decomposeActions postinstall send@0.16.2
493 silly decomposeActions finalize send@0.16.2
494 silly decomposeActions fetch body-parser@1.18.2
495 silly decomposeActions extract body-parser@1.18.2
496 silly decomposeActions test body-parser@1.18.2
497 silly decomposeActions preinstall body-parser@1.18.2
498 silly decomposeActions build body-parser@1.18.2
499 silly decomposeActions install body-parser@1.18.2
500 silly decomposeActions postinstall body-parser@1.18.2
501 silly decomposeActions finalize body-parser@1.18.2
502 silly decomposeActions fetch serve-static@1.13.2
503 silly decomposeActions extract serve-static@1.13.2
504 silly decomposeActions test serve-static@1.13.2
505 silly decomposeActions preinstall serve-static@1.13.2
506 silly decomposeActions build serve-static@1.13.2
507 silly decomposeActions install serve-static@1.13.2
508 silly decomposeActions postinstall serve-static@1.13.2
509 silly decomposeActions finalize serve-static@1.13.2
510 silly decomposeActions fetch express@4.16.3
511 silly decomposeActions extract express@4.16.3
512 silly decomposeActions test express@4.16.3
513 silly decomposeActions preinstall express@4.16.3
514 silly decomposeActions build express@4.16.3
515 silly decomposeActions install express@4.16.3
516 silly decomposeActions postinstall express@4.16.3
517 silly decomposeActions finalize express@4.16.3
518 silly runTopLevelLifecycles Starting
519 silly executeActions Starting
520 silly install executeActions
521 silly doSerial global-install 0
522 silly doParallel fetch 11
523 verbose correctMkdir /home/vagrant/.npm/_locks correctMkdir not in flight; initializing
524 verbose lock using /home/vagrant/.npm/_locks/staging-1aac8341ce9e9e6f.lock for /var/www/simpleapi/node_modules/.staging
525 silly doParallel extract 11
526 silly extract iconv-lite@0.4.19
527 silly extract qs@6.5.1
528 silly extract depd@1.1.1
529 silly extract setprototypeof@1.0.3
530 silly extract http-errors@1.6.2
531 silly extract raw-body@2.3.2
532 silly extract mime@1.4.1
533 silly extract send@0.16.2
534 silly extract body-parser@1.18.2
535 silly extract serve-static@1.13.2
536 silly extract express@4.16.3
537 verbose unbuild node_modules/.staging/iconv-lite-12abccb6
538 verbose unbuild node_modules/.staging/qs-adcb6674
539 verbose unbuild node_modules/.staging/depd-cd4ce826
540 verbose unbuild node_modules/.staging/setprototypeof-2cbc9ee3
541 verbose unbuild node_modules/.staging/http-errors-b94cdda9
542 verbose unbuild node_modules/.staging/raw-body-c21b4955
543 verbose unbuild node_modules/.staging/send-07e648a6
544 verbose unbuild node_modules/.staging/body-parser-3f9f91a3
545 verbose unbuild node_modules/.staging/serve-static-876a4b11
546 verbose unbuild node_modules/.staging/express-6413baf1
547 verbose unbuild node_modules/.staging/mime-a8563be0
548 silly gentlyRm /var/www/simpleapi/node_modules/.staging/iconv-lite-12abccb6 is being purged from base /var/www/simpleapi
549 verbose gentlyRm don't care about contents; nuking /var/www/simpleapi/node_modules/.staging/iconv-lite-12abccb6
550 silly gentlyRm /var/www/simpleapi/node_modules/.staging/depd-cd4ce826 is being purged from base /var/www/simpleapi
551 verbose gentlyRm don't care about contents; nuking /var/www/simpleapi/node_modules/.staging/depd-cd4ce826
552 silly gentlyRm /var/www/simpleapi/node_modules/.staging/qs-adcb6674 is being purged from base /var/www/simpleapi
553 verbose gentlyRm don't care about contents; nuking /var/www/simpleapi/node_modules/.staging/qs-adcb6674
554 silly gentlyRm /var/www/simpleapi/node_modules/.staging/setprototypeof-2cbc9ee3 is being purged from base /var/www/simpleapi
555 verbose gentlyRm don't care about contents; nuking /var/www/simpleapi/node_modules/.staging/setprototypeof-2cbc9ee3
556 silly gentlyRm /var/www/simpleapi/node_modules/.staging/http-errors-b94cdda9 is being purged from base /var/www/simpleapi
557 verbose gentlyRm don't care about contents; nuking /var/www/simpleapi/node_modules/.staging/http-errors-b94cdda9
558 silly gentlyRm /var/www/simpleapi/node_modules/.staging/raw-body-c21b4955 is being purged from base /var/www/simpleapi
559 verbose gentlyRm don't care about contents; nuking /var/www/simpleapi/node_modules/.staging/raw-body-c21b4955
560 silly gentlyRm /var/www/simpleapi/node_modules/.staging/send-07e648a6 is being purged from base /var/www/simpleapi
561 verbose gentlyRm don't care about contents; nuking /var/www/simpleapi/node_modules/.staging/send-07e648a6
562 silly gentlyRm /var/www/simpleapi/node_modules/.staging/body-parser-3f9f91a3 is being purged from base /var/www/simpleapi
563 verbose gentlyRm don't care about contents; nuking /var/www/simpleapi/node_modules/.staging/body-parser-3f9f91a3
564 silly gentlyRm /var/www/simpleapi/node_modules/.staging/serve-static-876a4b11 is being purged from base /var/www/simpleapi
565 verbose gentlyRm don't care about contents; nuking /var/www/simpleapi/node_modules/.staging/serve-static-876a4b11
566 verbose tar unpack /home/vagrant/.npm/iconv-lite/0.4.19/package.tgz
567 verbose tar unpacking to /var/www/simpleapi/node_modules/.staging/iconv-lite-12abccb6
568 silly gentlyRm /var/www/simpleapi/node_modules/.staging/iconv-lite-12abccb6 is being purged
569 verbose gentlyRm don't care about contents; nuking /var/www/simpleapi/node_modules/.staging/iconv-lite-12abccb6
570 verbose tar unpack /home/vagrant/.npm/depd/1.1.1/package.tgz
571 verbose tar unpacking to /var/www/simpleapi/node_modules/.staging/depd-cd4ce826
572 silly gentlyRm /var/www/simpleapi/node_modules/.staging/depd-cd4ce826 is being purged
573 verbose gentlyRm don't care about contents; nuking /var/www/simpleapi/node_modules/.staging/depd-cd4ce826
574 silly gentlyRm /var/www/simpleapi/node_modules/.staging/express-6413baf1 is being purged from base /var/www/simpleapi
575 verbose gentlyRm don't care about contents; nuking /var/www/simpleapi/node_modules/.staging/express-6413baf1
576 verbose tar unpack /home/vagrant/.npm/qs/6.5.1/package.tgz
577 verbose tar unpacking to /var/www/simpleapi/node_modules/.staging/qs-adcb6674
578 silly gentlyRm /var/www/simpleapi/node_modules/.staging/qs-adcb6674 is being purged
579 verbose gentlyRm don't care about contents; nuking /var/www/simpleapi/node_modules/.staging/qs-adcb6674
580 verbose tar unpack /home/vagrant/.npm/http-errors/1.6.2/package.tgz
581 verbose tar unpacking to /var/www/simpleapi/node_modules/.staging/http-errors-b94cdda9
582 silly gentlyRm /var/www/simpleapi/node_modules/.staging/http-errors-b94cdda9 is being purged
583 verbose gentlyRm don't care about contents; nuking /var/www/simpleapi/node_modules/.staging/http-errors-b94cdda9
584 verbose tar unpack /home/vagrant/.npm/setprototypeof/1.0.3/package.tgz
585 verbose tar unpacking to /var/www/simpleapi/node_modules/.staging/setprototypeof-2cbc9ee3
586 silly gentlyRm /var/www/simpleapi/node_modules/.staging/setprototypeof-2cbc9ee3 is being purged
587 verbose gentlyRm don't care about contents; nuking /var/www/simpleapi/node_modules/.staging/setprototypeof-2cbc9ee3
588 silly gentlyRm /var/www/simpleapi/node_modules/.staging/mime-a8563be0 is being purged from base /var/www/simpleapi
589 verbose gentlyRm don't care about contents; nuking /var/www/simpleapi/node_modules/.staging/mime-a8563be0
590 verbose tar unpack /home/vagrant/.npm/raw-body/2.3.2/package.tgz
591 verbose tar unpacking to /var/www/simpleapi/node_modules/.staging/raw-body-c21b4955
592 silly gentlyRm /var/www/simpleapi/node_modules/.staging/raw-body-c21b4955 is being purged
593 verbose gentlyRm don't care about contents; nuking /var/www/simpleapi/node_modules/.staging/raw-body-c21b4955
594 verbose tar unpack /home/vagrant/.npm/send/0.16.2/package.tgz
595 verbose tar unpacking to /var/www/simpleapi/node_modules/.staging/send-07e648a6
596 silly gentlyRm /var/www/simpleapi/node_modules/.staging/send-07e648a6 is being purged
597 verbose gentlyRm don't care about contents; nuking /var/www/simpleapi/node_modules/.staging/send-07e648a6
598 verbose tar unpack /home/vagrant/.npm/body-parser/1.18.2/package.tgz
599 verbose tar unpacking to /var/www/simpleapi/node_modules/.staging/body-parser-3f9f91a3
600 silly gentlyRm /var/www/simpleapi/node_modules/.staging/body-parser-3f9f91a3 is being purged
601 verbose gentlyRm don't care about contents; nuking /var/www/simpleapi/node_modules/.staging/body-parser-3f9f91a3
602 silly gunzTarPerm modes [ '775', '664' ]
603 verbose tar unpack /home/vagrant/.npm/serve-static/1.13.2/package.tgz
604 verbose tar unpacking to /var/www/simpleapi/node_modules/.staging/serve-static-876a4b11
605 silly gentlyRm /var/www/simpleapi/node_modules/.staging/serve-static-876a4b11 is being purged
606 verbose gentlyRm don't care about contents; nuking /var/www/simpleapi/node_modules/.staging/serve-static-876a4b11
607 silly gunzTarPerm modes [ '775', '664' ]
608 verbose tar unpack /home/vagrant/.npm/express/4.16.3/package.tgz
609 verbose tar unpacking to /var/www/simpleapi/node_modules/.staging/express-6413baf1
610 silly gentlyRm /var/www/simpleapi/node_modules/.staging/express-6413baf1 is being purged
611 verbose gentlyRm don't care about contents; nuking /var/www/simpleapi/node_modules/.staging/express-6413baf1
612 silly gunzTarPerm modes [ '775', '664' ]
613 silly gunzTarPerm modes [ '775', '664' ]
614 silly gunzTarPerm modes [ '775', '664' ]
615 verbose tar unpack /home/vagrant/.npm/mime/1.4.1/package.tgz
616 verbose tar unpacking to /var/www/simpleapi/node_modules/.staging/mime-a8563be0
617 silly gentlyRm /var/www/simpleapi/node_modules/.staging/mime-a8563be0 is being purged
618 verbose gentlyRm don't care about contents; nuking /var/www/simpleapi/node_modules/.staging/mime-a8563be0
619 silly gunzTarPerm modes [ '775', '664' ]
620 silly gunzTarPerm modes [ '775', '664' ]
621 silly gunzTarPerm modes [ '775', '664' ]
622 silly gunzTarPerm modes [ '775', '664' ]
623 silly gunzTarPerm modes [ '775', '664' ]
624 silly gunzTarPerm modes [ '775', '664' ]
625 silly gunzTarPerm extractEntry package.json
626 silly gunzTarPerm modified mode [ 'package.json', 438, 436 ]
627 silly gunzTarPerm extractEntry package.json
628 silly gunzTarPerm modified mode [ 'package.json', 420, 436 ]
629 silly gunzTarPerm extractEntry package.json
630 silly gunzTarPerm modified mode [ 'package.json', 420, 436 ]
631 silly gunzTarPerm extractEntry package.json
632 silly gunzTarPerm modified mode [ 'package.json', 438, 436 ]
633 silly gunzTarPerm extractEntry package.json
634 silly gunzTarPerm modified mode [ 'package.json', 420, 436 ]
635 silly gunzTarPerm extractEntry package.json
636 silly gunzTarPerm modified mode [ 'package.json', 438, 436 ]
637 silly gunzTarPerm extractEntry package.json
638 silly gunzTarPerm modified mode [ 'package.json', 420, 436 ]
639 silly gunzTarPerm extractEntry package.json
640 silly gunzTarPerm modified mode [ 'package.json', 438, 436 ]
641 silly gunzTarPerm extractEntry package.json
642 silly gunzTarPerm modified mode [ 'package.json', 420, 436 ]
643 silly gunzTarPerm extractEntry package.json
644 silly gunzTarPerm modified mode [ 'package.json', 420, 436 ]
645 silly gunzTarPerm extractEntry package.json
646 silly gunzTarPerm modified mode [ 'package.json', 420, 436 ]
647 silly gunzTarPerm extractEntry .npmignore
648 silly gunzTarPerm modified mode [ '.npmignore', 420, 436 ]
649 silly gunzTarPerm extractEntry README.md
650 silly gunzTarPerm modified mode [ 'README.md', 420, 436 ]
651 silly gunzTarPerm extractEntry LICENSE
652 silly gunzTarPerm modified mode [ 'LICENSE', 438, 436 ]
653 silly gunzTarPerm extractEntry index.js
654 silly gunzTarPerm modified mode [ 'index.js', 438, 436 ]
655 silly gunzTarPerm extractEntry README.md
656 silly gunzTarPerm modified mode [ 'README.md', 420, 436 ]
657 silly gunzTarPerm extractEntry LICENSE
658 silly gunzTarPerm modified mode [ 'LICENSE', 420, 436 ]
659 silly gunzTarPerm extractEntry .editorconfig
660 silly gunzTarPerm modified mode [ '.editorconfig', 420, 436 ]
661 silly gunzTarPerm extractEntry CHANGELOG.md
662 silly gunzTarPerm modified mode [ 'CHANGELOG.md', 420, 436 ]
663 silly gunzTarPerm extractEntry .eslintignore
664 silly gunzTarPerm modified mode [ '.eslintignore', 420, 436 ]
665 silly gunzTarPerm extractEntry .eslintrc
666 silly gunzTarPerm modified mode [ '.eslintrc', 420, 436 ]
667 silly gunzTarPerm extractEntry dist/qs.js
668 silly gunzTarPerm modified mode [ 'dist/qs.js', 420, 436 ]
669 silly gunzTarPerm extractEntry lib/formats.js
670 silly gunzTarPerm modified mode [ 'lib/formats.js', 420, 436 ]
671 silly gunzTarPerm extractEntry lib/index.js
672 silly gunzTarPerm modified mode [ 'lib/index.js', 420, 436 ]
673 silly gunzTarPerm extractEntry lib/parse.js
674 silly gunzTarPerm modified mode [ 'lib/parse.js', 420, 436 ]
675 silly gunzTarPerm extractEntry lib/stringify.js
676 silly gunzTarPerm modified mode [ 'lib/stringify.js', 420, 436 ]
677 silly gunzTarPerm extractEntry lib/utils.js
678 silly gunzTarPerm modified mode [ 'lib/utils.js', 420, 436 ]
679 silly gunzTarPerm extractEntry test/index.js
680 silly gunzTarPerm modified mode [ 'test/index.js', 420, 436 ]
681 silly gunzTarPerm extractEntry test/parse.js
682 silly gunzTarPerm modified mode [ 'test/parse.js', 420, 436 ]
683 silly gunzTarPerm extractEntry test/stringify.js
684 silly gunzTarPerm modified mode [ 'test/stringify.js', 420, 436 ]
685 silly gunzTarPerm extractEntry test/utils.js
686 silly gunzTarPerm modified mode [ 'test/utils.js', 420, 436 ]
687 silly gunzTarPerm extractEntry test/.eslintrc
688 silly gunzTarPerm modified mode [ 'test/.eslintrc', 420, 436 ]
689 silly gunzTarPerm extractEntry README.md
690 silly gunzTarPerm modified mode [ 'README.md', 438, 436 ]
691 silly gunzTarPerm extractEntry LICENSE
692 silly gunzTarPerm modified mode [ 'LICENSE', 438, 436 ]
693 silly gunzTarPerm extractEntry README.md
694 silly gunzTarPerm modified mode [ 'README.md', 420, 436 ]
695 silly gunzTarPerm extractEntry LICENSE
696 silly gunzTarPerm modified mode [ 'LICENSE', 420, 436 ]
697 silly gunzTarPerm extractEntry README.md
698 silly gunzTarPerm modified mode [ 'README.md', 438, 436 ]
699 silly gunzTarPerm extractEntry LICENSE
700 silly gunzTarPerm modified mode [ 'LICENSE', 438, 436 ]
701 silly gunzTarPerm extractEntry HISTORY.md
702 silly gunzTarPerm modified mode [ 'HISTORY.md', 420, 436 ]
703 silly gunzTarPerm extractEntry index.js
704 silly gunzTarPerm modified mode [ 'index.js', 420, 436 ]
705 silly gunzTarPerm extractEntry README.md
706 silly gunzTarPerm modified mode [ 'README.md', 438, 436 ]
707 silly gunzTarPerm extractEntry LICENSE
708 silly gunzTarPerm modified mode [ 'LICENSE', 438, 436 ]
709 silly gunzTarPerm extractEntry index.js
710 silly gunzTarPerm modified mode [ 'index.js', 438, 436 ]
711 silly gunzTarPerm extractEntry HISTORY.md
712 silly gunzTarPerm modified mode [ 'HISTORY.md', 438, 436 ]
713 silly gunzTarPerm extractEntry lib/read.js
714 silly gunzTarPerm modified mode [ 'lib/read.js', 438, 436 ]
715 silly gunzTarPerm extractEntry lib/types/json.js
716 silly gunzTarPerm modified mode [ 'lib/types/json.js', 438, 436 ]
717 silly gunzTarPerm extractEntry lib/types/raw.js
718 silly gunzTarPerm modified mode [ 'lib/types/raw.js', 438, 436 ]
719 silly gunzTarPerm extractEntry lib/types/text.js
720 silly gunzTarPerm modified mode [ 'lib/types/text.js', 438, 436 ]
721 silly gunzTarPerm extractEntry lib/types/urlencoded.js
722 silly gunzTarPerm modified mode [ 'lib/types/urlencoded.js', 438, 436 ]
723 silly gunzTarPerm extractEntry HISTORY.md
724 silly gunzTarPerm modified mode [ 'HISTORY.md', 420, 436 ]
725 silly gunzTarPerm extractEntry index.js
726 silly gunzTarPerm modified mode [ 'index.js', 420, 436 ]
727 silly gunzTarPerm extractEntry LICENSE
728 silly gunzTarPerm modified mode [ 'LICENSE', 420, 436 ]
729 silly gunzTarPerm extractEntry index.js
730 silly gunzTarPerm modified mode [ 'index.js', 420, 436 ]
731 silly gunzTarPerm extractEntry cli.js
732 silly gunzTarPerm modified mode [ 'cli.js', 420, 436 ]
733 silly gunzTarPerm extractEntry LICENSE
734 silly gunzTarPerm modified mode [ 'LICENSE', 420, 436 ]
735 silly gunzTarPerm extractEntry LICENSE
736 silly gunzTarPerm modified mode [ 'LICENSE', 420, 436 ]
737 silly gunzTarPerm extractEntry encodings/dbcs-codec.js
738 silly gunzTarPerm modified mode [ 'encodings/dbcs-codec.js', 420, 436 ]
739 silly gunzTarPerm extractEntry index.js
740 silly gunzTarPerm modified mode [ 'index.js', 438, 436 ]
741 silly gunzTarPerm extractEntry HISTORY.md
742 silly gunzTarPerm modified mode [ 'HISTORY.md', 438, 436 ]
743 silly gunzTarPerm extractEntry index.d.ts
744 silly gunzTarPerm modified mode [ 'index.d.ts', 438, 436 ]
745 silly gunzTarPerm extractEntry History.md
746 silly gunzTarPerm modified mode [ 'History.md', 438, 436 ]
747 silly gunzTarPerm extractEntry Readme.md
748 silly gunzTarPerm modified mode [ 'Readme.md', 438, 436 ]
749 silly gunzTarPerm extractEntry lib/browser/index.js
750 silly gunzTarPerm modified mode [ 'lib/browser/index.js', 438, 436 ]
751 silly gunzTarPerm extractEntry lib/compat/callsite-tostring.js
752 silly gunzTarPerm modified mode [ 'lib/compat/callsite-tostring.js', 438, 436 ]
753 silly gunzTarPerm extractEntry lib/compat/event-listener-count.js
754 silly gunzTarPerm modified mode [ 'lib/compat/event-listener-count.js', 438, 436 ]
755 silly gunzTarPerm extractEntry lib/compat/index.js
756 silly gunzTarPerm modified mode [ 'lib/compat/index.js', 438, 436 ]
757 silly gunzTarPerm extractEntry index.js
758 silly gunzTarPerm modified mode [ 'index.js', 438, 436 ]
759 silly gunzTarPerm extractEntry HISTORY.md
760 silly gunzTarPerm modified mode [ 'HISTORY.md', 438, 436 ]
761 silly gunzTarPerm extractEntry index.js
762 silly gunzTarPerm modified mode [ 'index.js', 420, 436 ]
763 silly gunzTarPerm extractEntry LICENSE
764 silly gunzTarPerm modified mode [ 'LICENSE', 420, 436 ]
765 silly gunzTarPerm extractEntry LICENSE
766 silly gunzTarPerm modified mode [ 'LICENSE', 420, 436 ]
767 silly gunzTarPerm extractEntry Readme.md
768 silly gunzTarPerm modified mode [ 'Readme.md', 420, 436 ]
769 silly gunzTarPerm extractEntry History.md
770 silly gunzTarPerm modified mode [ 'History.md', 420, 436 ]
771 silly gunzTarPerm extractEntry mime.js
772 silly gunzTarPerm modified mode [ 'mime.js', 420, 436 ]
773 silly gunzTarPerm extractEntry README.md
774 silly gunzTarPerm modified mode [ 'README.md', 420, 436 ]
775 silly gunzTarPerm extractEntry encodings/dbcs-data.js
776 silly gunzTarPerm modified mode [ 'encodings/dbcs-data.js', 420, 436 ]
777 silly gunzTarPerm extractEntry README.md
778 silly gunzTarPerm modified mode [ 'README.md', 420, 436 ]
779 silly gunzTarPerm extractEntry README.md
780 silly gunzTarPerm modified mode [ 'README.md', 420, 436 ]
781 silly gunzTarPerm extractEntry lib/application.js
782 silly gunzTarPerm modified mode [ 'lib/application.js', 420, 436 ]
783 silly gunzTarPerm extractEntry lib/express.js
784 silly gunzTarPerm modified mode [ 'lib/express.js', 420, 436 ]
785 silly gunzTarPerm extractEntry types.json
786 silly gunzTarPerm modified mode [ 'types.json', 420, 436 ]
787 silly gunzTarPerm extractEntry build/build.js
788 silly gunzTarPerm modified mode [ 'build/build.js', 420, 436 ]
789 silly gunzTarPerm extractEntry build/test.js
790 silly gunzTarPerm modified mode [ 'build/test.js', 420, 436 ]
791 silly gunzTarPerm extractEntry encodings/index.js
792 silly gunzTarPerm modified mode [ 'encodings/index.js', 420, 436 ]
793 silly gunzTarPerm extractEntry encodings/internal.js
794 silly gunzTarPerm modified mode [ 'encodings/internal.js', 420, 436 ]
795 silly gunzTarPerm extractEntry lib/request.js
796 silly gunzTarPerm modified mode [ 'lib/request.js', 420, 436 ]
797 silly gunzTarPerm extractEntry lib/response.js
798 silly gunzTarPerm modified mode [ 'lib/response.js', 420, 436 ]
799 silly gunzTarPerm extractEntry encodings/sbcs-codec.js
800 silly gunzTarPerm modified mode [ 'encodings/sbcs-codec.js', 420, 436 ]
801 silly gunzTarPerm extractEntry encodings/sbcs-data-generated.js
802 silly gunzTarPerm modified mode [ 'encodings/sbcs-data-generated.js', 420, 436 ]
803 silly gunzTarPerm extractEntry encodings/sbcs-data.js
804 silly gunzTarPerm modified mode [ 'encodings/sbcs-data.js', 420, 436 ]
805 silly gunzTarPerm extractEntry encodings/utf16.js
806 silly gunzTarPerm modified mode [ 'encodings/utf16.js', 420, 436 ]
807 silly gunzTarPerm extractEntry lib/utils.js
808 silly gunzTarPerm modified mode [ 'lib/utils.js', 420, 436 ]
809 silly gunzTarPerm extractEntry lib/view.js
810 silly gunzTarPerm modified mode [ 'lib/view.js', 420, 436 ]
811 silly gunzTarPerm extractEntry lib/middleware/init.js
812 silly gunzTarPerm modified mode [ 'lib/middleware/init.js', 420, 436 ]
813 silly gunzTarPerm extractEntry lib/middleware/query.js
814 silly gunzTarPerm modified mode [ 'lib/middleware/query.js', 420, 436 ]
815 silly gunzTarPerm extractEntry lib/router/index.js
816 silly gunzTarPerm modified mode [ 'lib/router/index.js', 420, 436 ]
817 silly gunzTarPerm extractEntry encodings/utf7.js
818 silly gunzTarPerm modified mode [ 'encodings/utf7.js', 420, 436 ]
819 silly gunzTarPerm extractEntry encodings/tables/big5-added.json
820 silly gunzTarPerm modified mode [ 'encodings/tables/big5-added.json', 420, 436 ]
821 silly gentlyRm /var/www/simpleapi/node_modules/.staging/setprototypeof-2cbc9ee3/node_modules is being purged
822 verbose gentlyRm don't care about contents; nuking /var/www/simpleapi/node_modules/.staging/setprototypeof-2cbc9ee3/node_modules
823 silly gunzTarPerm extractEntry lib/router/layer.js
824 silly gunzTarPerm modified mode [ 'lib/router/layer.js', 420, 436 ]
825 silly gunzTarPerm extractEntry lib/router/route.js
826 silly gunzTarPerm modified mode [ 'lib/router/route.js', 420, 436 ]
827 silly gunzTarPerm extractEntry encodings/tables/cp936.json
828 silly gunzTarPerm modified mode [ 'encodings/tables/cp936.json', 420, 436 ]
829 silly gentlyRm /var/www/simpleapi/node_modules/.staging/http-errors-b94cdda9/node_modules is being purged
830 verbose gentlyRm don't care about contents; nuking /var/www/simpleapi/node_modules/.staging/http-errors-b94cdda9/node_modules
831 silly gunzTarPerm extractEntry encodings/tables/cp949.json
832 silly gunzTarPerm modified mode [ 'encodings/tables/cp949.json', 420, 436 ]
833 silly gentlyRm /var/www/simpleapi/node_modules/.staging/serve-static-876a4b11/node_modules is being purged
834 verbose gentlyRm don't care about contents; nuking /var/www/simpleapi/node_modules/.staging/serve-static-876a4b11/node_modules
835 silly gentlyRm /var/www/simpleapi/node_modules/.staging/send-07e648a6/node_modules is being purged
836 verbose gentlyRm don't care about contents; nuking /var/www/simpleapi/node_modules/.staging/send-07e648a6/node_modules
837 silly gunzTarPerm extractEntry encodings/tables/cp950.json
838 silly gunzTarPerm modified mode [ 'encodings/tables/cp950.json', 420, 436 ]
839 silly gunzTarPerm extractEntry encodings/tables/eucjp.json
840 silly gunzTarPerm modified mode [ 'encodings/tables/eucjp.json', 420, 436 ]
841 silly gentlyRm /var/www/simpleapi/node_modules/.staging/raw-body-c21b4955/node_modules is being purged
842 verbose gentlyRm don't care about contents; nuking /var/www/simpleapi/node_modules/.staging/raw-body-c21b4955/node_modules
843 silly gunzTarPerm extractEntry encodings/tables/gb18030-ranges.json
844 silly gunzTarPerm modified mode [ 'encodings/tables/gb18030-ranges.json', 420, 436 ]
845 silly gunzTarPerm extractEntry encodings/tables/gbk-added.json
846 silly gunzTarPerm modified mode [ 'encodings/tables/gbk-added.json', 420, 436 ]
847 silly gunzTarPerm extractEntry encodings/tables/shiftjis.json
848 silly gunzTarPerm modified mode [ 'encodings/tables/shiftjis.json', 420, 436 ]
849 silly gunzTarPerm extractEntry .travis.yml
850 silly gunzTarPerm modified mode [ '.travis.yml', 420, 436 ]
851 silly gunzTarPerm extractEntry lib/bom-handling.js
852 silly gunzTarPerm modified mode [ 'lib/bom-handling.js', 420, 436 ]
853 silly gentlyRm /var/www/simpleapi/node_modules/.staging/mime-a8563be0/node_modules is being purged
854 verbose gentlyRm don't care about contents; nuking /var/www/simpleapi/node_modules/.staging/mime-a8563be0/node_modules
855 silly gunzTarPerm extractEntry lib/extend-node.js
856 silly gunzTarPerm modified mode [ 'lib/extend-node.js', 420, 436 ]
857 silly gunzTarPerm extractEntry lib/index.js
858 silly gunzTarPerm modified mode [ 'lib/index.js', 420, 436 ]
859 silly gentlyRm /var/www/simpleapi/node_modules/.staging/depd-cd4ce826/node_modules is being purged
860 verbose gentlyRm don't care about contents; nuking /var/www/simpleapi/node_modules/.staging/depd-cd4ce826/node_modules
861 silly gunzTarPerm extractEntry lib/streams.js
862 silly gunzTarPerm modified mode [ 'lib/streams.js', 420, 436 ]
863 silly gunzTarPerm extractEntry lib/index.d.ts
864 silly gunzTarPerm modified mode [ 'lib/index.d.ts', 420, 436 ]
865 silly gentlyRm /var/www/simpleapi/node_modules/.staging/body-parser-3f9f91a3/node_modules is being purged
866 verbose gentlyRm don't care about contents; nuking /var/www/simpleapi/node_modules/.staging/body-parser-3f9f91a3/node_modules
867 silly gunzTarPerm extractEntry Changelog.md
868 silly gunzTarPerm modified mode [ 'Changelog.md', 420, 436 ]
869 silly gentlyRm /var/www/simpleapi/node_modules/.staging/qs-adcb6674/node_modules is being purged
870 verbose gentlyRm don't care about contents; nuking /var/www/simpleapi/node_modules/.staging/qs-adcb6674/node_modules
871 silly gentlyRm /var/www/simpleapi/node_modules/.staging/express-6413baf1/node_modules is being purged
872 verbose gentlyRm don't care about contents; nuking /var/www/simpleapi/node_modules/.staging/express-6413baf1/node_modules
873 silly gentlyRm /var/www/simpleapi/node_modules/.staging/iconv-lite-12abccb6/node_modules is being purged
874 verbose gentlyRm don't care about contents; nuking /var/www/simpleapi/node_modules/.staging/iconv-lite-12abccb6/node_modules
875 silly doParallel preinstall 11
876 silly preinstall iconv-lite@0.4.19 /var/www/simpleapi/node_modules/.staging/iconv-lite-12abccb6
877 info lifecycle iconv-lite@0.4.19~preinstall: iconv-lite@0.4.19
878 silly preinstall qs@6.5.1 /var/www/simpleapi/node_modules/.staging/qs-adcb6674
879 info lifecycle qs@6.5.1~preinstall: qs@6.5.1
880 silly preinstall depd@1.1.1 /var/www/simpleapi/node_modules/.staging/depd-cd4ce826
881 info lifecycle depd@1.1.1~preinstall: depd@1.1.1
882 silly preinstall setprototypeof@1.0.3 /var/www/simpleapi/node_modules/.staging/setprototypeof-2cbc9ee3
883 info lifecycle setprototypeof@1.0.3~preinstall: setprototypeof@1.0.3
884 silly preinstall http-errors@1.6.2 /var/www/simpleapi/node_modules/.staging/http-errors-b94cdda9
885 info lifecycle http-errors@1.6.2~preinstall: http-errors@1.6.2
886 silly preinstall raw-body@2.3.2 /var/www/simpleapi/node_modules/.staging/raw-body-c21b4955
887 info lifecycle raw-body@2.3.2~preinstall: raw-body@2.3.2
888 silly preinstall mime@1.4.1 /var/www/simpleapi/node_modules/.staging/mime-a8563be0
889 info lifecycle mime@1.4.1~preinstall: mime@1.4.1
890 silly preinstall send@0.16.2 /var/www/simpleapi/node_modules/.staging/send-07e648a6
891 info lifecycle send@0.16.2~preinstall: send@0.16.2
892 silly preinstall body-parser@1.18.2 /var/www/simpleapi/node_modules/.staging/body-parser-3f9f91a3
893 info lifecycle body-parser@1.18.2~preinstall: body-parser@1.18.2
894 silly preinstall serve-static@1.13.2 /var/www/simpleapi/node_modules/.staging/serve-static-876a4b11
895 info lifecycle serve-static@1.13.2~preinstall: serve-static@1.13.2
896 silly preinstall express@4.16.3 /var/www/simpleapi/node_modules/.staging/express-6413baf1
897 info lifecycle express@4.16.3~preinstall: express@4.16.3
898 silly lifecycle iconv-lite@0.4.19~preinstall: no script for preinstall, continuing
899 silly lifecycle depd@1.1.1~preinstall: no script for preinstall, continuing
900 silly lifecycle qs@6.5.1~preinstall: no script for preinstall, continuing
901 silly lifecycle setprototypeof@1.0.3~preinstall: no script for preinstall, continuing
902 silly lifecycle http-errors@1.6.2~preinstall: no script for preinstall, continuing
903 silly lifecycle raw-body@2.3.2~preinstall: no script for preinstall, continuing
904 silly lifecycle mime@1.4.1~preinstall: no script for preinstall, continuing
905 silly lifecycle send@0.16.2~preinstall: no script for preinstall, continuing
906 silly lifecycle body-parser@1.18.2~preinstall: no script for preinstall, continuing
907 silly lifecycle serve-static@1.13.2~preinstall: no script for preinstall, continuing
908 silly lifecycle express@4.16.3~preinstall: no script for preinstall, continuing
909 silly doReverseSerial remove 0
910 silly doSerial move 0
911 silly doSerial finalize 11
912 silly finalize /var/www/simpleapi/node_modules/express/node_modules/iconv-lite
913 silly finalize /var/www/simpleapi/node_modules/express/node_modules/qs
914 silly finalize /var/www/simpleapi/node_modules/express/node_modules/raw-body/node_modules/depd
915 silly finalize /var/www/simpleapi/node_modules/express/node_modules/raw-body/node_modules/setprototypeof
916 silly finalize /var/www/simpleapi/node_modules/express/node_modules/raw-body/node_modules/http-errors
917 silly finalize /var/www/simpleapi/node_modules/express/node_modules/raw-body
918 silly finalize /var/www/simpleapi/node_modules/mime
919 silly finalize /var/www/simpleapi/node_modules/send
920 silly finalize /var/www/simpleapi/node_modules/express/node_modules/body-parser
921 silly finalize /var/www/simpleapi/node_modules/serve-static
922 silly finalize /var/www/simpleapi/node_modules/express
923 silly doSerial build 11
924 silly build iconv-lite@0.4.19
925 info linkStuff iconv-lite@0.4.19
926 silly linkStuff iconv-lite@0.4.19 has /var/www/simpleapi/node_modules/express/node_modules as its parent node_modules
927 verbose linkBins iconv-lite@0.4.19
928 verbose linkMans iconv-lite@0.4.19
929 silly build qs@6.5.1
930 info linkStuff qs@6.5.1
931 silly linkStuff qs@6.5.1 has /var/www/simpleapi/node_modules/express/node_modules as its parent node_modules
932 verbose linkBins qs@6.5.1
933 verbose linkMans qs@6.5.1
934 silly build depd@1.1.1
935 info linkStuff depd@1.1.1
936 silly linkStuff depd@1.1.1 has /var/www/simpleapi/node_modules/express/node_modules/raw-body/node_modules as its parent node_modules
937 verbose linkBins depd@1.1.1
938 verbose linkMans depd@1.1.1
939 silly build setprototypeof@1.0.3
940 info linkStuff setprototypeof@1.0.3
941 silly linkStuff setprototypeof@1.0.3 has /var/www/simpleapi/node_modules/express/node_modules/raw-body/node_modules as its parent node_modules
942 verbose linkBins setprototypeof@1.0.3
943 verbose linkMans setprototypeof@1.0.3
944 silly build http-errors@1.6.2
945 info linkStuff http-errors@1.6.2
946 silly linkStuff http-errors@1.6.2 has /var/www/simpleapi/node_modules/express/node_modules/raw-body/node_modules as its parent node_modules
947 verbose linkBins http-errors@1.6.2
948 verbose linkMans http-errors@1.6.2
949 silly build raw-body@2.3.2
950 info linkStuff raw-body@2.3.2
951 silly linkStuff raw-body@2.3.2 has /var/www/simpleapi/node_modules/express/node_modules as its parent node_modules
952 verbose linkBins raw-body@2.3.2
953 verbose linkMans raw-body@2.3.2
954 silly build mime@1.4.1
955 info linkStuff mime@1.4.1
956 silly linkStuff mime@1.4.1 has /var/www/simpleapi/node_modules as its parent node_modules
957 verbose linkBins mime@1.4.1
958 verbose link bins [ { mime: 'cli.js' },
958 verbose link bins   '/var/www/simpleapi/node_modules/.bin',
958 verbose link bins   false ]
959 verbose linkMans mime@1.4.1
960 silly gentlyRm /var/www/simpleapi/node_modules/.bin/mime is being purged
961 verbose gentlyRm don't care about contents; nuking /var/www/simpleapi/node_modules/.bin/mime
962 verbose unlock done using /home/vagrant/.npm/_locks/staging-1aac8341ce9e9e6f.lock for /var/www/simpleapi/node_modules/.staging
963 silly rollbackFailedOptional Starting
964 silly rollbackFailedOptional Finishing
965 silly runTopLevelLifecycles Finishing
966 silly install printInstalled
967 warn service@1.0.0 No repository field.
968 verbose If you need help, you may report this error at:
968 verbose     <https://github.com/npm/npm/issues>
969 verbose stack Error: EPROTO: protocol error, symlink '../mime/cli.js' -> '/var/www/simpleapi/node_modules/.bin/mime'
969 verbose stack     at Error (native)
970 verbose cwd /var/www/simpleapi
971 error Linux 4.4.0-116-generic
972 error argv "/usr/bin/node" "/usr/bin/npm" "install" "express" "--save"
973 error node v6.14.3
974 error npm  v3.10.10
975 error path ../mime/cli.js
976 error code EPROTO
977 error errno -71
978 error syscall symlink
979 error EPROTO: protocol error, symlink '../mime/cli.js' -> '/var/www/simpleapi/node_modules/.bin/mime'
980 error If you need help, you may report this error at:
980 error     <https://github.com/npm/npm/issues>
981 verbose exit [ -71, true ]
